2021-05-11 15:46:36.435 [main] INFO  com.tongji.samlsp.ApplicationRun:50 - Starting ApplicationRun on DESKTOP-T2K0VFU with PID 2988 (E:\Servlet\SSOProject\target\classes started by user in E:\Servlet\SSOProject)
2021-05-11 15:46:36.438 [main] INFO  com.tongji.samlsp.ApplicationRun:651 - The following profiles are active: dev
2021-05-11 15:46:38.208 [main] INFO  o.s.boot.web.embedded.tomcat.TomcatWebServer:90 - Tomcat initialized with port(s): 8088 (http)
2021-05-11 15:46:38.270 [main] INFO  org.apache.coyote.http11.Http11NioProtocol:173 - Initializing ProtocolHandler ["http-nio-8088"]
2021-05-11 15:46:38.298 [main] INFO  org.apache.catalina.core.StandardService:173 - Starting service [Tomcat]
2021-05-11 15:46:38.298 [main] INFO  org.apache.catalina.core.StandardEngine:173 - Starting Servlet engine: [Apache Tomcat/9.0.22]
2021-05-11 15:46:38.449 [main] INFO  o.a.c.core.ContainerBase.[Tomcat].[localhost].[/]:173 - Initializing Spring embedded WebApplicationContext
2021-05-11 15:46:38.449 [main] INFO  org.springframework.web.context.ContextLoader:284 - Root WebApplicationContext: initialization completed in 1904 ms
2021-05-11 15:46:42.169 [main] INFO  o.s.scheduling.concurrent.ThreadPoolTaskExecutor:171 - Initializing ExecutorService 'applicationTaskExecutor'
2021-05-11 15:46:42.552 [main] INFO  org.apache.coyote.http11.Http11NioProtocol:173 - Starting ProtocolHandler ["http-nio-8088"]
2021-05-11 15:46:42.599 [main] INFO  o.s.boot.web.embedded.tomcat.TomcatWebServer:202 - Tomcat started on port(s): 8088 (http) with context path ''
2021-05-11 15:46:42.603 [main] INFO  com.tongji.samlsp.ApplicationRun:59 - Started ApplicationRun in 8.305 seconds (JVM running for 27.407)
2021-05-11 15:46:51.718 [http-nio-8088-exec-2] INFO  com.tongji.samlsp.service.SAMLSPServlet:68 - samlResponseParam:
2021-05-11 15:46:51.719 [http-nio-8088-exec-2] INFO  com.tongji.samlsp.service.SAMLSPServlet:69 - samlRelayState:
2021-05-11 15:46:51.720 [http-nio-8088-exec-2] INFO  com.tongji.samlsp.service.SAMLSPServlet:75 - iamToken::::
2021-05-11 15:46:52.831 [http-nio-8088-exec-2] INFO  org.opensaml.xml.XMLConfigurator:180 - Preparing to load ObjectProviders
2021-05-11 15:46:52.837 [http-nio-8088-exec-2] INFO  org.opensaml.xml.XMLConfigurator:182 - ObjectProviders load complete
2021-05-11 15:46:52.841 [http-nio-8088-exec-2] INFO  org.opensaml.xml.XMLConfigurator:180 - Preparing to load ObjectProviders
2021-05-11 15:46:52.845 [http-nio-8088-exec-2] INFO  org.opensaml.xml.XMLConfigurator:182 - ObjectProviders load complete
2021-05-11 15:46:52.860 [http-nio-8088-exec-2] INFO  org.opensaml.xml.XMLConfigurator:180 - Preparing to load ObjectProviders
2021-05-11 15:46:52.879 [http-nio-8088-exec-2] INFO  org.opensaml.xml.XMLConfigurator:182 - ObjectProviders load complete
2021-05-11 15:46:52.886 [http-nio-8088-exec-2] INFO  org.opensaml.xml.XMLConfigurator:189 - Preparing to load ValidatorSuites
2021-05-11 15:46:52.908 [http-nio-8088-exec-2] INFO  org.opensaml.xml.XMLConfigurator:191 - ValidatorSuites load complete
2021-05-11 15:46:52.916 [http-nio-8088-exec-2] INFO  org.opensaml.xml.XMLConfigurator:180 - Preparing to load ObjectProviders
2021-05-11 15:46:52.932 [http-nio-8088-exec-2] INFO  org.opensaml.xml.XMLConfigurator:182 - ObjectProviders load complete
2021-05-11 15:46:52.936 [http-nio-8088-exec-2] INFO  org.opensaml.xml.XMLConfigurator:189 - Preparing to load ValidatorSuites
2021-05-11 15:46:52.939 [http-nio-8088-exec-2] INFO  org.opensaml.xml.XMLConfigurator:191 - ValidatorSuites load complete
2021-05-11 15:46:52.945 [http-nio-8088-exec-2] INFO  org.opensaml.xml.XMLConfigurator:180 - Preparing to load ObjectProviders
2021-05-11 15:46:52.953 [http-nio-8088-exec-2] INFO  org.opensaml.xml.XMLConfigurator:182 - ObjectProviders load complete
2021-05-11 15:46:52.956 [http-nio-8088-exec-2] INFO  org.opensaml.xml.XMLConfigurator:180 - Preparing to load ObjectProviders
2021-05-11 15:46:52.961 [http-nio-8088-exec-2] INFO  org.opensaml.xml.XMLConfigurator:182 - ObjectProviders load complete
2021-05-11 15:46:52.989 [http-nio-8088-exec-2] INFO  org.opensaml.xml.XMLConfigurator:180 - Preparing to load ObjectProviders
2021-05-11 15:46:53.043 [http-nio-8088-exec-2] INFO  org.opensaml.xml.XMLConfigurator:182 - ObjectProviders load complete
2021-05-11 15:46:53.047 [http-nio-8088-exec-2] INFO  org.opensaml.xml.XMLConfigurator:180 - Preparing to load ObjectProviders
2021-05-11 15:46:53.069 [http-nio-8088-exec-2] INFO  org.opensaml.xml.XMLConfigurator:182 - ObjectProviders load complete
2021-05-11 15:46:53.074 [http-nio-8088-exec-2] INFO  org.opensaml.xml.XMLConfigurator:189 - Preparing to load ValidatorSuites
2021-05-11 15:46:53.107 [http-nio-8088-exec-2] INFO  org.opensaml.xml.XMLConfigurator:191 - ValidatorSuites load complete
2021-05-11 15:46:53.128 [http-nio-8088-exec-2] INFO  org.opensaml.xml.XMLConfigurator:180 - Preparing to load ObjectProviders
2021-05-11 15:46:53.187 [http-nio-8088-exec-2] INFO  org.opensaml.xml.XMLConfigurator:182 - ObjectProviders load complete
2021-05-11 15:46:53.197 [http-nio-8088-exec-2] INFO  org.opensaml.xml.XMLConfigurator:180 - Preparing to load ObjectProviders
2021-05-11 15:46:53.240 [http-nio-8088-exec-2] INFO  org.opensaml.xml.XMLConfigurator:182 - ObjectProviders load complete
2021-05-11 15:46:53.242 [http-nio-8088-exec-2] INFO  org.opensaml.xml.XMLConfigurator:189 - Preparing to load ValidatorSuites
2021-05-11 15:46:53.278 [http-nio-8088-exec-2] INFO  org.opensaml.xml.XMLConfigurator:191 - ValidatorSuites load complete
2021-05-11 15:46:53.280 [http-nio-8088-exec-2] INFO  org.opensaml.xml.XMLConfigurator:180 - Preparing to load ObjectProviders
2021-05-11 15:46:53.284 [http-nio-8088-exec-2] INFO  org.opensaml.xml.XMLConfigurator:182 - ObjectProviders load complete
2021-05-11 15:46:53.289 [http-nio-8088-exec-2] INFO  org.opensaml.xml.XMLConfigurator:180 - Preparing to load ObjectProviders
2021-05-11 15:46:53.366 [http-nio-8088-exec-2] INFO  org.opensaml.xml.XMLConfigurator:182 - ObjectProviders load complete
2021-05-11 15:46:53.371 [http-nio-8088-exec-2] INFO  org.opensaml.xml.XMLConfigurator:189 - Preparing to load ValidatorSuites
2021-05-11 15:46:53.398 [http-nio-8088-exec-2] INFO  org.opensaml.xml.XMLConfigurator:191 - ValidatorSuites load complete
2021-05-11 15:46:53.400 [http-nio-8088-exec-2] INFO  org.opensaml.xml.XMLConfigurator:180 - Preparing to load ObjectProviders
2021-05-11 15:46:53.401 [http-nio-8088-exec-2] INFO  org.opensaml.xml.XMLConfigurator:182 - ObjectProviders load complete
2021-05-11 15:46:53.402 [http-nio-8088-exec-2] INFO  org.opensaml.xml.XMLConfigurator:180 - Preparing to load ObjectProviders
2021-05-11 15:46:53.408 [http-nio-8088-exec-2] INFO  org.opensaml.xml.XMLConfigurator:182 - ObjectProviders load complete
2021-05-11 15:46:53.410 [http-nio-8088-exec-2] INFO  org.opensaml.xml.XMLConfigurator:180 - Preparing to load ObjectProviders
2021-05-11 15:46:53.421 [http-nio-8088-exec-2] INFO  org.opensaml.xml.XMLConfigurator:182 - ObjectProviders load complete
2021-05-11 15:46:53.423 [http-nio-8088-exec-2] INFO  org.opensaml.xml.XMLConfigurator:180 - Preparing to load ObjectProviders
2021-05-11 15:46:53.425 [http-nio-8088-exec-2] INFO  org.opensaml.xml.XMLConfigurator:182 - ObjectProviders load complete
2021-05-11 15:46:53.427 [http-nio-8088-exec-2] INFO  org.opensaml.xml.XMLConfigurator:180 - Preparing to load ObjectProviders
2021-05-11 15:46:53.432 [http-nio-8088-exec-2] INFO  org.opensaml.xml.XMLConfigurator:182 - ObjectProviders load complete
2021-05-11 15:46:53.434 [http-nio-8088-exec-2] INFO  org.opensaml.xml.XMLConfigurator:180 - Preparing to load ObjectProviders
2021-05-11 15:46:53.439 [http-nio-8088-exec-2] INFO  org.opensaml.xml.XMLConfigurator:182 - ObjectProviders load complete
2021-05-11 15:46:53.440 [http-nio-8088-exec-2] INFO  org.opensaml.xml.XMLConfigurator:180 - Preparing to load ObjectProviders
2021-05-11 15:46:53.441 [http-nio-8088-exec-2] INFO  org.opensaml.xml.XMLConfigurator:182 - ObjectProviders load complete
2021-05-11 15:46:53.444 [http-nio-8088-exec-2] INFO  org.opensaml.xml.XMLConfigurator:180 - Preparing to load ObjectProviders
2021-05-11 15:46:53.476 [http-nio-8088-exec-2] INFO  org.opensaml.xml.XMLConfigurator:182 - ObjectProviders load complete
2021-05-11 15:46:53.480 [http-nio-8088-exec-2] INFO  org.opensaml.xml.XMLConfigurator:180 - Preparing to load ObjectProviders
2021-05-11 15:46:53.575 [http-nio-8088-exec-2] INFO  org.opensaml.xml.XMLConfigurator:182 - ObjectProviders load complete
2021-05-11 15:46:53.577 [http-nio-8088-exec-2] INFO  org.opensaml.xml.XMLConfigurator:180 - Preparing to load ObjectProviders
2021-05-11 15:46:53.578 [http-nio-8088-exec-2] INFO  org.opensaml.xml.XMLConfigurator:182 - ObjectProviders load complete
2021-05-11 15:46:53.580 [http-nio-8088-exec-2] INFO  org.opensaml.xml.XMLConfigurator:180 - Preparing to load ObjectProviders
2021-05-11 15:46:53.580 [http-nio-8088-exec-2] INFO  org.opensaml.xml.XMLConfigurator:182 - ObjectProviders load complete
2021-05-11 15:46:53.586 [http-nio-8088-exec-2] INFO  org.opensaml.xml.XMLConfigurator:180 - Preparing to load ObjectProviders
2021-05-11 15:46:53.600 [http-nio-8088-exec-2] INFO  org.opensaml.xml.XMLConfigurator:182 - ObjectProviders load complete
2021-05-11 15:46:53.605 [http-nio-8088-exec-2] INFO  org.opensaml.xml.XMLConfigurator:180 - Preparing to load ObjectProviders
2021-05-11 15:46:53.624 [http-nio-8088-exec-2] INFO  org.opensaml.xml.XMLConfigurator:182 - ObjectProviders load complete
2021-05-11 15:46:53.624 [http-nio-8088-exec-2] INFO  org.opensaml.xml.XMLConfigurator:198 - Preparing to load IDAttributes
2021-05-11 15:46:53.625 [http-nio-8088-exec-2] INFO  org.opensaml.xml.XMLConfigurator:200 - IDAttributes load complete
2021-05-11 15:47:11.206 [http-nio-8088-exec-2] INFO  com.tongji.samlsp.service.SAMLSPServlet:183 - p7StringParamJsonStr:===>{"p7String":"{\"subUserId\":\"322333\"}"}
2021-05-11 15:47:37.921 [http-nio-8088-exec-2] INFO  com.tongji.samlsp.service.SAMLSPServlet:186 - jsonResponse:{"code":200,"message":"","data":"http://222.93.106.197?jwt=HeFKCesPgQUHBBDMuxyoPQaecGNKbEZyeWGTe.QtDVqXbXFf1sr7eKi47RTnshzwYTxN7fb9MU7nvGBDSVsqeYAi9rdTQ8GyDL58bCfPPaVAkTQpaAEjg5EXCK1BFBJfU6hfcKn.4dRdjiYgXGceAkgVo5psJd1tpGEeQ3U2qZdtkdE558sH"}
2021-05-11 15:47:51.142 [http-nio-8088-exec-2] INFO  o.a.c.core.ContainerBase.[Tomcat].[localhost].[/]:173 - Initializing Spring DispatcherServlet 'dispatcherServlet'
2021-05-11 15:47:51.143 [http-nio-8088-exec-2] INFO  org.springframework.web.servlet.DispatcherServlet:524 - Initializing Servlet 'dispatcherServlet'
2021-05-11 15:47:51.151 [http-nio-8088-exec-2] INFO  org.springframework.web.servlet.DispatcherServlet:546 - Completed initialization in 8 ms
2021-05-11 15:48:10.470 [http-nio-8088-exec-5] INFO  com.tongji.samlsp.service.SAMLSPServlet:68 - samlResponseParam:
2021-05-11 15:48:10.471 [http-nio-8088-exec-5] INFO  com.tongji.samlsp.service.SAMLSPServlet:69 - samlRelayState:
2021-05-11 15:48:10.472 [http-nio-8088-exec-5] INFO  com.tongji.samlsp.service.SAMLSPServlet:75 - iamToken::::
2021-05-11 15:48:10.497 [http-nio-8088-exec-5] INFO  org.opensaml.xml.XMLConfigurator:180 - Preparing to load ObjectProviders
2021-05-11 15:48:10.498 [http-nio-8088-exec-5] INFO  org.opensaml.xml.XMLConfigurator:182 - ObjectProviders load complete
2021-05-11 15:48:10.500 [http-nio-8088-exec-5] INFO  org.opensaml.xml.XMLConfigurator:180 - Preparing to load ObjectProviders
2021-05-11 15:48:10.501 [http-nio-8088-exec-5] INFO  org.opensaml.xml.XMLConfigurator:182 - ObjectProviders load complete
2021-05-11 15:48:10.504 [http-nio-8088-exec-5] INFO  org.opensaml.xml.XMLConfigurator:180 - Preparing to load ObjectProviders
2021-05-11 15:48:10.505 [http-nio-8088-exec-5] INFO  org.opensaml.xml.XMLConfigurator:182 - ObjectProviders load complete
2021-05-11 15:48:10.508 [http-nio-8088-exec-5] INFO  org.opensaml.xml.XMLConfigurator:189 - Preparing to load ValidatorSuites
2021-05-11 15:48:10.509 [http-nio-8088-exec-5] INFO  org.opensaml.xml.XMLConfigurator:191 - ValidatorSuites load complete
2021-05-11 15:48:10.512 [http-nio-8088-exec-5] INFO  org.opensaml.xml.XMLConfigurator:180 - Preparing to load ObjectProviders
2021-05-11 15:48:10.513 [http-nio-8088-exec-5] INFO  org.opensaml.xml.XMLConfigurator:182 - ObjectProviders load complete
2021-05-11 15:48:10.519 [http-nio-8088-exec-5] INFO  org.opensaml.xml.XMLConfigurator:189 - Preparing to load ValidatorSuites
2021-05-11 15:48:10.528 [http-nio-8088-exec-5] INFO  org.opensaml.xml.XMLConfigurator:191 - ValidatorSuites load complete
2021-05-11 15:48:10.530 [http-nio-8088-exec-5] INFO  org.opensaml.xml.XMLConfigurator:180 - Preparing to load ObjectProviders
2021-05-11 15:48:10.531 [http-nio-8088-exec-5] INFO  org.opensaml.xml.XMLConfigurator:182 - ObjectProviders load complete
2021-05-11 15:48:10.532 [http-nio-8088-exec-5] INFO  org.opensaml.xml.XMLConfigurator:180 - Preparing to load ObjectProviders
2021-05-11 15:48:10.533 [http-nio-8088-exec-5] INFO  org.opensaml.xml.XMLConfigurator:182 - ObjectProviders load complete
2021-05-11 15:48:10.535 [http-nio-8088-exec-5] INFO  org.opensaml.xml.XMLConfigurator:180 - Preparing to load ObjectProviders
2021-05-11 15:48:10.536 [http-nio-8088-exec-5] INFO  org.opensaml.xml.XMLConfigurator:182 - ObjectProviders load complete
2021-05-11 15:48:10.539 [http-nio-8088-exec-5] INFO  org.opensaml.xml.XMLConfigurator:180 - Preparing to load ObjectProviders
2021-05-11 15:48:10.539 [http-nio-8088-exec-5] INFO  org.opensaml.xml.XMLConfigurator:182 - ObjectProviders load complete
2021-05-11 15:48:10.541 [http-nio-8088-exec-5] INFO  org.opensaml.xml.XMLConfigurator:189 - Preparing to load ValidatorSuites
2021-05-11 15:48:10.542 [http-nio-8088-exec-5] INFO  org.opensaml.xml.XMLConfigurator:191 - ValidatorSuites load complete
2021-05-11 15:48:10.545 [http-nio-8088-exec-5] INFO  org.opensaml.xml.XMLConfigurator:180 - Preparing to load ObjectProviders
2021-05-11 15:48:10.546 [http-nio-8088-exec-5] INFO  org.opensaml.xml.XMLConfigurator:182 - ObjectProviders load complete
2021-05-11 15:48:10.549 [http-nio-8088-exec-5] INFO  org.opensaml.xml.XMLConfigurator:180 - Preparing to load ObjectProviders
2021-05-11 15:48:10.550 [http-nio-8088-exec-5] INFO  org.opensaml.xml.XMLConfigurator:182 - ObjectProviders load complete
2021-05-11 15:48:10.552 [http-nio-8088-exec-5] INFO  org.opensaml.xml.XMLConfigurator:189 - Preparing to load ValidatorSuites
2021-05-11 15:48:10.554 [http-nio-8088-exec-5] INFO  org.opensaml.xml.XMLConfigurator:191 - ValidatorSuites load complete
2021-05-11 15:48:10.556 [http-nio-8088-exec-5] INFO  org.opensaml.xml.XMLConfigurator:180 - Preparing to load ObjectProviders
2021-05-11 15:48:10.557 [http-nio-8088-exec-5] INFO  org.opensaml.xml.XMLConfigurator:182 - ObjectProviders load complete
2021-05-11 15:48:10.559 [http-nio-8088-exec-5] INFO  org.opensaml.xml.XMLConfigurator:180 - Preparing to load ObjectProviders
2021-05-11 15:48:10.560 [http-nio-8088-exec-5] INFO  org.opensaml.xml.XMLConfigurator:182 - ObjectProviders load complete
2021-05-11 15:48:10.562 [http-nio-8088-exec-5] INFO  org.opensaml.xml.XMLConfigurator:189 - Preparing to load ValidatorSuites
2021-05-11 15:48:10.564 [http-nio-8088-exec-5] INFO  org.opensaml.xml.XMLConfigurator:191 - ValidatorSuites load complete
2021-05-11 15:48:10.565 [http-nio-8088-exec-5] INFO  org.opensaml.xml.XMLConfigurator:180 - Preparing to load ObjectProviders
2021-05-11 15:48:10.565 [http-nio-8088-exec-5] INFO  org.opensaml.xml.XMLConfigurator:182 - ObjectProviders load complete
2021-05-11 15:48:10.566 [http-nio-8088-exec-5] INFO  org.opensaml.xml.XMLConfigurator:180 - Preparing to load ObjectProviders
2021-05-11 15:48:10.567 [http-nio-8088-exec-5] INFO  org.opensaml.xml.XMLConfigurator:182 - ObjectProviders load complete
2021-05-11 15:48:10.569 [http-nio-8088-exec-5] INFO  org.opensaml.xml.XMLConfigurator:180 - Preparing to load ObjectProviders
2021-05-11 15:48:10.570 [http-nio-8088-exec-5] INFO  org.opensaml.xml.XMLConfigurator:182 - ObjectProviders load complete
2021-05-11 15:48:10.571 [http-nio-8088-exec-5] INFO  org.opensaml.xml.XMLConfigurator:180 - Preparing to load ObjectProviders
2021-05-11 15:48:10.571 [http-nio-8088-exec-5] INFO  org.opensaml.xml.XMLConfigurator:182 - ObjectProviders load complete
2021-05-11 15:48:10.573 [http-nio-8088-exec-5] INFO  org.opensaml.xml.XMLConfigurator:180 - Preparing to load ObjectProviders
2021-05-11 15:48:10.573 [http-nio-8088-exec-5] INFO  org.opensaml.xml.XMLConfigurator:182 - ObjectProviders load complete
2021-05-11 15:48:10.574 [http-nio-8088-exec-5] INFO  org.opensaml.xml.XMLConfigurator:180 - Preparing to load ObjectProviders
2021-05-11 15:48:10.575 [http-nio-8088-exec-5] INFO  org.opensaml.xml.XMLConfigurator:182 - ObjectProviders load complete
2021-05-11 15:48:10.576 [http-nio-8088-exec-5] INFO  org.opensaml.xml.XMLConfigurator:180 - Preparing to load ObjectProviders
2021-05-11 15:48:10.577 [http-nio-8088-exec-5] INFO  org.opensaml.xml.XMLConfigurator:182 - ObjectProviders load complete
2021-05-11 15:48:10.579 [http-nio-8088-exec-5] INFO  org.opensaml.xml.XMLConfigurator:180 - Preparing to load ObjectProviders
2021-05-11 15:48:10.580 [http-nio-8088-exec-5] INFO  org.opensaml.xml.XMLConfigurator:182 - ObjectProviders load complete
2021-05-11 15:48:10.592 [http-nio-8088-exec-5] INFO  org.opensaml.xml.XMLConfigurator:180 - Preparing to load ObjectProviders
2021-05-11 15:48:10.600 [http-nio-8088-exec-5] INFO  org.opensaml.xml.XMLConfigurator:182 - ObjectProviders load complete
2021-05-11 15:48:10.604 [http-nio-8088-exec-5] INFO  org.opensaml.xml.XMLConfigurator:180 - Preparing to load ObjectProviders
2021-05-11 15:48:10.605 [http-nio-8088-exec-5] INFO  org.opensaml.xml.XMLConfigurator:182 - ObjectProviders load complete
2021-05-11 15:48:10.607 [http-nio-8088-exec-5] INFO  org.opensaml.xml.XMLConfigurator:180 - Preparing to load ObjectProviders
2021-05-11 15:48:10.610 [http-nio-8088-exec-5] INFO  org.opensaml.xml.XMLConfigurator:182 - ObjectProviders load complete
2021-05-11 15:48:10.612 [http-nio-8088-exec-5] INFO  org.opensaml.xml.XMLConfigurator:180 - Preparing to load ObjectProviders
2021-05-11 15:48:10.613 [http-nio-8088-exec-5] INFO  org.opensaml.xml.XMLConfigurator:182 - ObjectProviders load complete
2021-05-11 15:48:10.615 [http-nio-8088-exec-5] INFO  org.opensaml.xml.XMLConfigurator:180 - Preparing to load ObjectProviders
2021-05-11 15:48:10.615 [http-nio-8088-exec-5] INFO  org.opensaml.xml.XMLConfigurator:182 - ObjectProviders load complete
2021-05-11 15:48:10.615 [http-nio-8088-exec-5] INFO  org.opensaml.xml.XMLConfigurator:198 - Preparing to load IDAttributes
2021-05-11 15:48:10.615 [http-nio-8088-exec-5] INFO  org.opensaml.xml.XMLConfigurator:200 - IDAttributes load complete
2021-05-11 15:48:20.722 [http-nio-8088-exec-5] INFO  com.tongji.samlsp.service.SAMLSPServlet:183 - p7StringParamJsonStr:===>{"p7String":"{\"subUserId\":\"322333\"}"}
2021-05-11 15:49:52.388 [http-nio-8088-exec-5] INFO  com.tongji.samlsp.service.SAMLSPServlet:186 - jsonResponse:{"Code":400,"Message":"新增帐号失败：Error 1062: Duplicate entry '322333' for key 'PRIMARY'","Data":"Error 1062: Duplicate entry '322333' for key 'PRIMARY'"}
2021-05-11 15:52:14.832 [Thread-3] INFO  o.s.scheduling.concurrent.ThreadPoolTaskExecutor:208 - Shutting down ExecutorService 'applicationTaskExecutor'
2021-05-11 15:52:21.646 [main] INFO  com.tongji.samlsp.ApplicationRun:50 - Starting ApplicationRun on DESKTOP-T2K0VFU with PID 22376 (E:\Servlet\SSOProject\target\classes started by user in E:\Servlet\SSOProject)
2021-05-11 15:52:21.649 [main] INFO  com.tongji.samlsp.ApplicationRun:651 - The following profiles are active: dev
2021-05-11 15:52:22.621 [main] INFO  o.s.boot.web.embedded.tomcat.TomcatWebServer:90 - Tomcat initialized with port(s): 8088 (http)
2021-05-11 15:52:22.632 [main] INFO  org.apache.coyote.http11.Http11NioProtocol:173 - Initializing ProtocolHandler ["http-nio-8088"]
2021-05-11 15:52:22.642 [main] INFO  org.apache.catalina.core.StandardService:173 - Starting service [Tomcat]
2021-05-11 15:52:22.642 [main] INFO  org.apache.catalina.core.StandardEngine:173 - Starting Servlet engine: [Apache Tomcat/9.0.22]
2021-05-11 15:52:22.747 [main] INFO  o.a.c.core.ContainerBase.[Tomcat].[localhost].[/]:173 - Initializing Spring embedded WebApplicationContext
2021-05-11 15:52:22.748 [main] INFO  org.springframework.web.context.ContextLoader:284 - Root WebApplicationContext: initialization completed in 1055 ms
2021-05-11 15:52:23.328 [main] INFO  o.s.scheduling.concurrent.ThreadPoolTaskExecutor:171 - Initializing ExecutorService 'applicationTaskExecutor'
2021-05-11 15:52:23.478 [main] INFO  org.apache.coyote.http11.Http11NioProtocol:173 - Starting ProtocolHandler ["http-nio-8088"]
2021-05-11 15:52:23.509 [main] INFO  o.s.boot.web.embedded.tomcat.TomcatWebServer:202 - Tomcat started on port(s): 8088 (http) with context path ''
2021-05-11 15:52:23.512 [main] INFO  com.tongji.samlsp.ApplicationRun:59 - Started ApplicationRun in 2.441 seconds (JVM running for 3.339)
2021-05-11 15:52:29.171 [http-nio-8088-exec-2] INFO  com.tongji.samlsp.service.SAMLSPServlet:68 - samlResponseParam:
2021-05-11 15:52:29.173 [http-nio-8088-exec-2] INFO  com.tongji.samlsp.service.SAMLSPServlet:69 - samlRelayState:
2021-05-11 15:52:29.173 [http-nio-8088-exec-2] INFO  com.tongji.samlsp.service.SAMLSPServlet:75 - iamToken::::
2021-05-11 15:52:29.576 [http-nio-8088-exec-2] INFO  org.opensaml.xml.XMLConfigurator:180 - Preparing to load ObjectProviders
2021-05-11 15:52:29.579 [http-nio-8088-exec-2] INFO  org.opensaml.xml.XMLConfigurator:182 - ObjectProviders load complete
2021-05-11 15:52:29.586 [http-nio-8088-exec-2] INFO  org.opensaml.xml.XMLConfigurator:180 - Preparing to load ObjectProviders
2021-05-11 15:52:29.591 [http-nio-8088-exec-2] INFO  org.opensaml.xml.XMLConfigurator:182 - ObjectProviders load complete
2021-05-11 15:52:29.608 [http-nio-8088-exec-2] INFO  org.opensaml.xml.XMLConfigurator:180 - Preparing to load ObjectProviders
2021-05-11 15:52:29.629 [http-nio-8088-exec-2] INFO  org.opensaml.xml.XMLConfigurator:182 - ObjectProviders load complete
2021-05-11 15:52:29.637 [http-nio-8088-exec-2] INFO  org.opensaml.xml.XMLConfigurator:189 - Preparing to load ValidatorSuites
2021-05-11 15:52:29.647 [http-nio-8088-exec-2] INFO  org.opensaml.xml.XMLConfigurator:191 - ValidatorSuites load complete
2021-05-11 15:52:29.658 [http-nio-8088-exec-2] INFO  org.opensaml.xml.XMLConfigurator:180 - Preparing to load ObjectProviders
2021-05-11 15:52:29.689 [http-nio-8088-exec-2] INFO  org.opensaml.xml.XMLConfigurator:182 - ObjectProviders load complete
2021-05-11 15:52:29.693 [http-nio-8088-exec-2] INFO  org.opensaml.xml.XMLConfigurator:189 - Preparing to load ValidatorSuites
2021-05-11 15:52:29.697 [http-nio-8088-exec-2] INFO  org.opensaml.xml.XMLConfigurator:191 - ValidatorSuites load complete
2021-05-11 15:52:29.703 [http-nio-8088-exec-2] INFO  org.opensaml.xml.XMLConfigurator:180 - Preparing to load ObjectProviders
2021-05-11 15:52:29.708 [http-nio-8088-exec-2] INFO  org.opensaml.xml.XMLConfigurator:182 - ObjectProviders load complete
2021-05-11 15:52:29.712 [http-nio-8088-exec-2] INFO  org.opensaml.xml.XMLConfigurator:180 - Preparing to load ObjectProviders
2021-05-11 15:52:29.716 [http-nio-8088-exec-2] INFO  org.opensaml.xml.XMLConfigurator:182 - ObjectProviders load complete
2021-05-11 15:52:29.725 [http-nio-8088-exec-2] INFO  org.opensaml.xml.XMLConfigurator:180 - Preparing to load ObjectProviders
2021-05-11 15:52:29.745 [http-nio-8088-exec-2] INFO  org.opensaml.xml.XMLConfigurator:182 - ObjectProviders load complete
2021-05-11 15:52:29.751 [http-nio-8088-exec-2] INFO  org.opensaml.xml.XMLConfigurator:180 - Preparing to load ObjectProviders
2021-05-11 15:52:29.762 [http-nio-8088-exec-2] INFO  org.opensaml.xml.XMLConfigurator:182 - ObjectProviders load complete
2021-05-11 15:52:29.766 [http-nio-8088-exec-2] INFO  org.opensaml.xml.XMLConfigurator:189 - Preparing to load ValidatorSuites
2021-05-11 15:52:29.779 [http-nio-8088-exec-2] INFO  org.opensaml.xml.XMLConfigurator:191 - ValidatorSuites load complete
2021-05-11 15:52:29.792 [http-nio-8088-exec-2] INFO  org.opensaml.xml.XMLConfigurator:180 - Preparing to load ObjectProviders
2021-05-11 15:52:29.841 [http-nio-8088-exec-2] INFO  org.opensaml.xml.XMLConfigurator:182 - ObjectProviders load complete
2021-05-11 15:52:29.846 [http-nio-8088-exec-2] INFO  org.opensaml.xml.XMLConfigurator:180 - Preparing to load ObjectProviders
2021-05-11 15:52:29.886 [http-nio-8088-exec-2] INFO  org.opensaml.xml.XMLConfigurator:182 - ObjectProviders load complete
2021-05-11 15:52:29.889 [http-nio-8088-exec-2] INFO  org.opensaml.xml.XMLConfigurator:189 - Preparing to load ValidatorSuites
2021-05-11 15:52:29.904 [http-nio-8088-exec-2] INFO  org.opensaml.xml.XMLConfigurator:191 - ValidatorSuites load complete
2021-05-11 15:52:29.906 [http-nio-8088-exec-2] INFO  org.opensaml.xml.XMLConfigurator:180 - Preparing to load ObjectProviders
2021-05-11 15:52:29.907 [http-nio-8088-exec-2] INFO  org.opensaml.xml.XMLConfigurator:182 - ObjectProviders load complete
2021-05-11 15:52:29.911 [http-nio-8088-exec-2] INFO  org.opensaml.xml.XMLConfigurator:180 - Preparing to load ObjectProviders
2021-05-11 15:52:29.951 [http-nio-8088-exec-2] INFO  org.opensaml.xml.XMLConfigurator:182 - ObjectProviders load complete
2021-05-11 15:52:29.953 [http-nio-8088-exec-2] INFO  org.opensaml.xml.XMLConfigurator:189 - Preparing to load ValidatorSuites
2021-05-11 15:52:29.979 [http-nio-8088-exec-2] INFO  org.opensaml.xml.XMLConfigurator:191 - ValidatorSuites load complete
2021-05-11 15:52:29.980 [http-nio-8088-exec-2] INFO  org.opensaml.xml.XMLConfigurator:180 - Preparing to load ObjectProviders
2021-05-11 15:52:29.982 [http-nio-8088-exec-2] INFO  org.opensaml.xml.XMLConfigurator:182 - ObjectProviders load complete
2021-05-11 15:52:29.983 [http-nio-8088-exec-2] INFO  org.opensaml.xml.XMLConfigurator:180 - Preparing to load ObjectProviders
2021-05-11 15:52:29.984 [http-nio-8088-exec-2] INFO  org.opensaml.xml.XMLConfigurator:182 - ObjectProviders load complete
2021-05-11 15:52:29.987 [http-nio-8088-exec-2] INFO  org.opensaml.xml.XMLConfigurator:180 - Preparing to load ObjectProviders
2021-05-11 15:52:29.991 [http-nio-8088-exec-2] INFO  org.opensaml.xml.XMLConfigurator:182 - ObjectProviders load complete
2021-05-11 15:52:29.993 [http-nio-8088-exec-2] INFO  org.opensaml.xml.XMLConfigurator:180 - Preparing to load ObjectProviders
2021-05-11 15:52:29.995 [http-nio-8088-exec-2] INFO  org.opensaml.xml.XMLConfigurator:182 - ObjectProviders load complete
2021-05-11 15:52:29.997 [http-nio-8088-exec-2] INFO  org.opensaml.xml.XMLConfigurator:180 - Preparing to load ObjectProviders
2021-05-11 15:52:30.000 [http-nio-8088-exec-2] INFO  org.opensaml.xml.XMLConfigurator:182 - ObjectProviders load complete
2021-05-11 15:52:30.002 [http-nio-8088-exec-2] INFO  org.opensaml.xml.XMLConfigurator:180 - Preparing to load ObjectProviders
2021-05-11 15:52:30.006 [http-nio-8088-exec-2] INFO  org.opensaml.xml.XMLConfigurator:182 - ObjectProviders load complete
2021-05-11 15:52:30.009 [http-nio-8088-exec-2] INFO  org.opensaml.xml.XMLConfigurator:180 - Preparing to load ObjectProviders
2021-05-11 15:52:30.009 [http-nio-8088-exec-2] INFO  org.opensaml.xml.XMLConfigurator:182 - ObjectProviders load complete
2021-05-11 15:52:30.012 [http-nio-8088-exec-2] INFO  org.opensaml.xml.XMLConfigurator:180 - Preparing to load ObjectProviders
2021-05-11 15:52:30.025 [http-nio-8088-exec-2] INFO  org.opensaml.xml.XMLConfigurator:182 - ObjectProviders load complete
2021-05-11 15:52:30.030 [http-nio-8088-exec-2] INFO  org.opensaml.xml.XMLConfigurator:180 - Preparing to load ObjectProviders
2021-05-11 15:52:30.065 [http-nio-8088-exec-2] INFO  org.opensaml.xml.XMLConfigurator:182 - ObjectProviders load complete
2021-05-11 15:52:30.067 [http-nio-8088-exec-2] INFO  org.opensaml.xml.XMLConfigurator:180 - Preparing to load ObjectProviders
2021-05-11 15:52:30.068 [http-nio-8088-exec-2] INFO  org.opensaml.xml.XMLConfigurator:182 - ObjectProviders load complete
2021-05-11 15:52:30.069 [http-nio-8088-exec-2] INFO  org.opensaml.xml.XMLConfigurator:180 - Preparing to load ObjectProviders
2021-05-11 15:52:30.070 [http-nio-8088-exec-2] INFO  org.opensaml.xml.XMLConfigurator:182 - ObjectProviders load complete
2021-05-11 15:52:30.079 [http-nio-8088-exec-2] INFO  org.opensaml.xml.XMLConfigurator:180 - Preparing to load ObjectProviders
2021-05-11 15:52:30.101 [http-nio-8088-exec-2] INFO  org.opensaml.xml.XMLConfigurator:182 - ObjectProviders load complete
2021-05-11 15:52:30.105 [http-nio-8088-exec-2] INFO  org.opensaml.xml.XMLConfigurator:180 - Preparing to load ObjectProviders
2021-05-11 15:52:30.125 [http-nio-8088-exec-2] INFO  org.opensaml.xml.XMLConfigurator:182 - ObjectProviders load complete
2021-05-11 15:52:30.125 [http-nio-8088-exec-2] INFO  org.opensaml.xml.XMLConfigurator:198 - Preparing to load IDAttributes
2021-05-11 15:52:30.125 [http-nio-8088-exec-2] INFO  org.opensaml.xml.XMLConfigurator:200 - IDAttributes load complete
2021-05-11 15:52:38.362 [http-nio-8088-exec-2] INFO  com.tongji.samlsp.service.SAMLSPServlet:183 - p7StringParamJsonStr:===>{"p7String":"{\"subUserId\":\"32232233\"}"}
2021-05-11 15:53:07.442 [http-nio-8088-exec-2] INFO  com.tongji.samlsp.service.SAMLSPServlet:186 - jsonResponse:{"code":200,"message":"","data":"http://222.93.106.197?jwt=HeFKCesPgQUHBBDMuxyoPQaecGNKbEZyeWGTe.92HAwxTjU2SdTaP3guYmu9GukH1eFynZQMZPBuT9WzxeuqVGz5pvyw6TX9ULQu8Xm5MmnLrx8B2YA2eZJb4pmqZ8GVcaz3HbdpU4.J8iErvL4zpFiwPboePbJZ7VT6JBFM8zCnvE35Jnizuu6"}
2021-05-11 15:53:24.101 [http-nio-8088-exec-2] INFO  o.a.c.core.ContainerBase.[Tomcat].[localhost].[/]:173 - Initializing Spring DispatcherServlet 'dispatcherServlet'
2021-05-11 15:53:24.105 [http-nio-8088-exec-2] INFO  org.springframework.web.servlet.DispatcherServlet:524 - Initializing Servlet 'dispatcherServlet'
2021-05-11 15:53:24.116 [http-nio-8088-exec-2] INFO  org.springframework.web.servlet.DispatcherServlet:546 - Completed initialization in 11 ms
2021-05-11 15:53:46.720 [Thread-3] INFO  o.s.scheduling.concurrent.ThreadPoolTaskExecutor:208 - Shutting down ExecutorService 'applicationTaskExecutor'
2021-05-11 15:53:51.028 [main] INFO  com.tongji.samlsp.ApplicationRun:50 - Starting ApplicationRun on DESKTOP-T2K0VFU with PID 21400 (E:\Servlet\SSOProject\target\classes started by user in E:\Servlet\SSOProject)
2021-05-11 15:53:51.030 [main] INFO  com.tongji.samlsp.ApplicationRun:651 - The following profiles are active: dev
2021-05-11 15:53:52.035 [main] INFO  o.s.boot.web.embedded.tomcat.TomcatWebServer:90 - Tomcat initialized with port(s): 8088 (http)
2021-05-11 15:53:52.049 [main] INFO  org.apache.coyote.http11.Http11NioProtocol:173 - Initializing ProtocolHandler ["http-nio-8088"]
2021-05-11 15:53:52.057 [main] INFO  org.apache.catalina.core.StandardService:173 - Starting service [Tomcat]
2021-05-11 15:53:52.059 [main] INFO  org.apache.catalina.core.StandardEngine:173 - Starting Servlet engine: [Apache Tomcat/9.0.22]
2021-05-11 15:53:52.167 [main] INFO  o.a.c.core.ContainerBase.[Tomcat].[localhost].[/]:173 - Initializing Spring embedded WebApplicationContext
2021-05-11 15:53:52.167 [main] INFO  org.springframework.web.context.ContextLoader:284 - Root WebApplicationContext: initialization completed in 1088 ms
2021-05-11 15:53:53.009 [main] INFO  o.s.scheduling.concurrent.ThreadPoolTaskExecutor:171 - Initializing ExecutorService 'applicationTaskExecutor'
2021-05-11 15:53:53.168 [main] INFO  org.apache.coyote.http11.Http11NioProtocol:173 - Starting ProtocolHandler ["http-nio-8088"]
2021-05-11 15:53:53.207 [main] INFO  o.s.boot.web.embedded.tomcat.TomcatWebServer:202 - Tomcat started on port(s): 8088 (http) with context path ''
2021-05-11 15:53:53.210 [main] INFO  com.tongji.samlsp.ApplicationRun:59 - Started ApplicationRun in 2.765 seconds (JVM running for 3.545)
2021-05-11 15:54:02.040 [http-nio-8088-exec-2] INFO  com.tongji.samlsp.service.SAMLSPServlet:68 - samlResponseParam:
2021-05-11 15:54:02.041 [http-nio-8088-exec-2] INFO  com.tongji.samlsp.service.SAMLSPServlet:69 - samlRelayState:
2021-05-11 15:54:02.062 [http-nio-8088-exec-2] INFO  com.tongji.samlsp.service.SAMLSPServlet:75 - iamToken::::
2021-05-11 15:54:02.471 [http-nio-8088-exec-2] INFO  org.opensaml.xml.XMLConfigurator:180 - Preparing to load ObjectProviders
2021-05-11 15:54:02.475 [http-nio-8088-exec-2] INFO  org.opensaml.xml.XMLConfigurator:182 - ObjectProviders load complete
2021-05-11 15:54:02.480 [http-nio-8088-exec-2] INFO  org.opensaml.xml.XMLConfigurator:180 - Preparing to load ObjectProviders
2021-05-11 15:54:02.488 [http-nio-8088-exec-2] INFO  org.opensaml.xml.XMLConfigurator:182 - ObjectProviders load complete
2021-05-11 15:54:02.507 [http-nio-8088-exec-2] INFO  org.opensaml.xml.XMLConfigurator:180 - Preparing to load ObjectProviders
2021-05-11 15:54:02.539 [http-nio-8088-exec-2] INFO  org.opensaml.xml.XMLConfigurator:182 - ObjectProviders load complete
2021-05-11 15:54:02.544 [http-nio-8088-exec-2] INFO  org.opensaml.xml.XMLConfigurator:189 - Preparing to load ValidatorSuites
2021-05-11 15:54:02.576 [http-nio-8088-exec-2] INFO  org.opensaml.xml.XMLConfigurator:191 - ValidatorSuites load complete
2021-05-11 15:54:02.590 [http-nio-8088-exec-2] INFO  org.opensaml.xml.XMLConfigurator:180 - Preparing to load ObjectProviders
2021-05-11 15:54:02.610 [http-nio-8088-exec-2] INFO  org.opensaml.xml.XMLConfigurator:182 - ObjectProviders load complete
2021-05-11 15:54:02.614 [http-nio-8088-exec-2] INFO  org.opensaml.xml.XMLConfigurator:189 - Preparing to load ValidatorSuites
2021-05-11 15:54:02.619 [http-nio-8088-exec-2] INFO  org.opensaml.xml.XMLConfigurator:191 - ValidatorSuites load complete
2021-05-11 15:54:02.624 [http-nio-8088-exec-2] INFO  org.opensaml.xml.XMLConfigurator:180 - Preparing to load ObjectProviders
2021-05-11 15:54:02.629 [http-nio-8088-exec-2] INFO  org.opensaml.xml.XMLConfigurator:182 - ObjectProviders load complete
2021-05-11 15:54:02.631 [http-nio-8088-exec-2] INFO  org.opensaml.xml.XMLConfigurator:180 - Preparing to load ObjectProviders
2021-05-11 15:54:02.637 [http-nio-8088-exec-2] INFO  org.opensaml.xml.XMLConfigurator:182 - ObjectProviders load complete
2021-05-11 15:54:02.648 [http-nio-8088-exec-2] INFO  org.opensaml.xml.XMLConfigurator:180 - Preparing to load ObjectProviders
2021-05-11 15:54:02.665 [http-nio-8088-exec-2] INFO  org.opensaml.xml.XMLConfigurator:182 - ObjectProviders load complete
2021-05-11 15:54:02.670 [http-nio-8088-exec-2] INFO  org.opensaml.xml.XMLConfigurator:180 - Preparing to load ObjectProviders
2021-05-11 15:54:02.679 [http-nio-8088-exec-2] INFO  org.opensaml.xml.XMLConfigurator:182 - ObjectProviders load complete
2021-05-11 15:54:02.683 [http-nio-8088-exec-2] INFO  org.opensaml.xml.XMLConfigurator:189 - Preparing to load ValidatorSuites
2021-05-11 15:54:02.702 [http-nio-8088-exec-2] INFO  org.opensaml.xml.XMLConfigurator:191 - ValidatorSuites load complete
2021-05-11 15:54:02.712 [http-nio-8088-exec-2] INFO  org.opensaml.xml.XMLConfigurator:180 - Preparing to load ObjectProviders
2021-05-11 15:54:02.741 [http-nio-8088-exec-2] INFO  org.opensaml.xml.XMLConfigurator:182 - ObjectProviders load complete
2021-05-11 15:54:02.748 [http-nio-8088-exec-2] INFO  org.opensaml.xml.XMLConfigurator:180 - Preparing to load ObjectProviders
2021-05-11 15:54:02.772 [http-nio-8088-exec-2] INFO  org.opensaml.xml.XMLConfigurator:182 - ObjectProviders load complete
2021-05-11 15:54:02.778 [http-nio-8088-exec-2] INFO  org.opensaml.xml.XMLConfigurator:189 - Preparing to load ValidatorSuites
2021-05-11 15:54:02.794 [http-nio-8088-exec-2] INFO  org.opensaml.xml.XMLConfigurator:191 - ValidatorSuites load complete
2021-05-11 15:54:02.796 [http-nio-8088-exec-2] INFO  org.opensaml.xml.XMLConfigurator:180 - Preparing to load ObjectProviders
2021-05-11 15:54:02.798 [http-nio-8088-exec-2] INFO  org.opensaml.xml.XMLConfigurator:182 - ObjectProviders load complete
2021-05-11 15:54:02.802 [http-nio-8088-exec-2] INFO  org.opensaml.xml.XMLConfigurator:180 - Preparing to load ObjectProviders
2021-05-11 15:54:02.844 [http-nio-8088-exec-2] INFO  org.opensaml.xml.XMLConfigurator:182 - ObjectProviders load complete
2021-05-11 15:54:02.848 [http-nio-8088-exec-2] INFO  org.opensaml.xml.XMLConfigurator:189 - Preparing to load ValidatorSuites
2021-05-11 15:54:02.863 [http-nio-8088-exec-2] INFO  org.opensaml.xml.XMLConfigurator:191 - ValidatorSuites load complete
2021-05-11 15:54:02.865 [http-nio-8088-exec-2] INFO  org.opensaml.xml.XMLConfigurator:180 - Preparing to load ObjectProviders
2021-05-11 15:54:02.866 [http-nio-8088-exec-2] INFO  org.opensaml.xml.XMLConfigurator:182 - ObjectProviders load complete
2021-05-11 15:54:02.867 [http-nio-8088-exec-2] INFO  org.opensaml.xml.XMLConfigurator:180 - Preparing to load ObjectProviders
2021-05-11 15:54:02.868 [http-nio-8088-exec-2] INFO  org.opensaml.xml.XMLConfigurator:182 - ObjectProviders load complete
2021-05-11 15:54:02.870 [http-nio-8088-exec-2] INFO  org.opensaml.xml.XMLConfigurator:180 - Preparing to load ObjectProviders
2021-05-11 15:54:02.874 [http-nio-8088-exec-2] INFO  org.opensaml.xml.XMLConfigurator:182 - ObjectProviders load complete
2021-05-11 15:54:02.876 [http-nio-8088-exec-2] INFO  org.opensaml.xml.XMLConfigurator:180 - Preparing to load ObjectProviders
2021-05-11 15:54:02.898 [http-nio-8088-exec-2] INFO  org.opensaml.xml.XMLConfigurator:182 - ObjectProviders load complete
2021-05-11 15:54:02.902 [http-nio-8088-exec-2] INFO  org.opensaml.xml.XMLConfigurator:180 - Preparing to load ObjectProviders
2021-05-11 15:54:02.905 [http-nio-8088-exec-2] INFO  org.opensaml.xml.XMLConfigurator:182 - ObjectProviders load complete
2021-05-11 15:54:02.907 [http-nio-8088-exec-2] INFO  org.opensaml.xml.XMLConfigurator:180 - Preparing to load ObjectProviders
2021-05-11 15:54:02.911 [http-nio-8088-exec-2] INFO  org.opensaml.xml.XMLConfigurator:182 - ObjectProviders load complete
2021-05-11 15:54:02.914 [http-nio-8088-exec-2] INFO  org.opensaml.xml.XMLConfigurator:180 - Preparing to load ObjectProviders
2021-05-11 15:54:02.915 [http-nio-8088-exec-2] INFO  org.opensaml.xml.XMLConfigurator:182 - ObjectProviders load complete
2021-05-11 15:54:02.919 [http-nio-8088-exec-2] INFO  org.opensaml.xml.XMLConfigurator:180 - Preparing to load ObjectProviders
2021-05-11 15:54:02.933 [http-nio-8088-exec-2] INFO  org.opensaml.xml.XMLConfigurator:182 - ObjectProviders load complete
2021-05-11 15:54:02.941 [http-nio-8088-exec-2] INFO  org.opensaml.xml.XMLConfigurator:180 - Preparing to load ObjectProviders
2021-05-11 15:54:02.991 [http-nio-8088-exec-2] INFO  org.opensaml.xml.XMLConfigurator:182 - ObjectProviders load complete
2021-05-11 15:54:02.993 [http-nio-8088-exec-2] INFO  org.opensaml.xml.XMLConfigurator:180 - Preparing to load ObjectProviders
2021-05-11 15:54:02.993 [http-nio-8088-exec-2] INFO  org.opensaml.xml.XMLConfigurator:182 - ObjectProviders load complete
2021-05-11 15:54:02.996 [http-nio-8088-exec-2] INFO  org.opensaml.xml.XMLConfigurator:180 - Preparing to load ObjectProviders
2021-05-11 15:54:02.997 [http-nio-8088-exec-2] INFO  org.opensaml.xml.XMLConfigurator:182 - ObjectProviders load complete
2021-05-11 15:54:03.000 [http-nio-8088-exec-2] INFO  org.opensaml.xml.XMLConfigurator:180 - Preparing to load ObjectProviders
2021-05-11 15:54:03.014 [http-nio-8088-exec-2] INFO  org.opensaml.xml.XMLConfigurator:182 - ObjectProviders load complete
2021-05-11 15:54:03.018 [http-nio-8088-exec-2] INFO  org.opensaml.xml.XMLConfigurator:180 - Preparing to load ObjectProviders
2021-05-11 15:54:03.036 [http-nio-8088-exec-2] INFO  org.opensaml.xml.XMLConfigurator:182 - ObjectProviders load complete
2021-05-11 15:54:03.037 [http-nio-8088-exec-2] INFO  org.opensaml.xml.XMLConfigurator:198 - Preparing to load IDAttributes
2021-05-11 15:54:03.037 [http-nio-8088-exec-2] INFO  org.opensaml.xml.XMLConfigurator:200 - IDAttributes load complete
2021-05-11 15:54:03.112 [http-nio-8088-exec-2] INFO  com.tongji.samlsp.service.SAMLSPServlet:183 - p7StringParamJsonStr:===>{"p7String":"{\"subUserId\":\"32232233\"}"}
2021-05-11 15:54:25.362 [http-nio-8088-exec-2] INFO  com.tongji.samlsp.service.SAMLSPServlet:186 - jsonResponse:{"Code":400,"Message":"新增帐号失败：Error 1062: Duplicate entry '32232233' for key 'PRIMARY'","Data":"Error 1062: Duplicate entry '32232233' for key 'PRIMARY'"}
2021-05-11 15:54:50.133 [http-nio-8088-exec-2] INFO  o.a.c.core.ContainerBase.[Tomcat].[localhost].[/]:173 - Initializing Spring DispatcherServlet 'dispatcherServlet'
2021-05-11 15:54:50.135 [http-nio-8088-exec-2] INFO  org.springframework.web.servlet.DispatcherServlet:524 - Initializing Servlet 'dispatcherServlet'
2021-05-11 15:54:50.154 [http-nio-8088-exec-2] INFO  org.springframework.web.servlet.DispatcherServlet:546 - Completed initialization in 18 ms
2021-05-11 15:57:02.724 [Thread-3] INFO  o.s.scheduling.concurrent.ThreadPoolTaskExecutor:208 - Shutting down ExecutorService 'applicationTaskExecutor'
2021-05-11 15:57:10.608 [main] INFO  com.tongji.samlsp.ApplicationRun:50 - Starting ApplicationRun on DESKTOP-T2K0VFU with PID 21244 (E:\Servlet\SSOProject\target\classes started by user in E:\Servlet\SSOProject)
2021-05-11 15:57:10.611 [main] INFO  com.tongji.samlsp.ApplicationRun:651 - The following profiles are active: dev
2021-05-11 15:57:11.999 [main] INFO  o.s.boot.web.embedded.tomcat.TomcatWebServer:90 - Tomcat initialized with port(s): 8088 (http)
2021-05-11 15:57:12.012 [main] INFO  org.apache.coyote.http11.Http11NioProtocol:173 - Initializing ProtocolHandler ["http-nio-8088"]
2021-05-11 15:57:12.025 [main] INFO  org.apache.catalina.core.StandardService:173 - Starting service [Tomcat]
2021-05-11 15:57:12.026 [main] INFO  org.apache.catalina.core.StandardEngine:173 - Starting Servlet engine: [Apache Tomcat/9.0.22]
2021-05-11 15:57:12.139 [main] INFO  o.a.c.core.ContainerBase.[Tomcat].[localhost].[/]:173 - Initializing Spring embedded WebApplicationContext
2021-05-11 15:57:12.139 [main] INFO  org.springframework.web.context.ContextLoader:284 - Root WebApplicationContext: initialization completed in 1480 ms
2021-05-11 15:57:12.806 [main] INFO  o.s.scheduling.concurrent.ThreadPoolTaskExecutor:171 - Initializing ExecutorService 'applicationTaskExecutor'
2021-05-11 15:57:12.957 [main] INFO  org.apache.coyote.http11.Http11NioProtocol:173 - Starting ProtocolHandler ["http-nio-8088"]
2021-05-11 15:57:12.993 [main] INFO  o.s.boot.web.embedded.tomcat.TomcatWebServer:202 - Tomcat started on port(s): 8088 (http) with context path ''
2021-05-11 15:57:12.997 [main] INFO  com.tongji.samlsp.ApplicationRun:59 - Started ApplicationRun in 3.188 seconds (JVM running for 5.362)
2021-05-11 15:57:18.914 [http-nio-8088-exec-1] INFO  com.tongji.samlsp.service.SAMLSPServlet:68 - samlResponseParam:
2021-05-11 15:57:18.916 [http-nio-8088-exec-1] INFO  com.tongji.samlsp.service.SAMLSPServlet:69 - samlRelayState:
2021-05-11 15:57:18.916 [http-nio-8088-exec-1] INFO  com.tongji.samlsp.service.SAMLSPServlet:75 - iamToken::::
2021-05-11 15:57:19.440 [http-nio-8088-exec-1] INFO  org.opensaml.xml.XMLConfigurator:180 - Preparing to load ObjectProviders
2021-05-11 15:57:19.446 [http-nio-8088-exec-1] INFO  org.opensaml.xml.XMLConfigurator:182 - ObjectProviders load complete
2021-05-11 15:57:19.451 [http-nio-8088-exec-1] INFO  org.opensaml.xml.XMLConfigurator:180 - Preparing to load ObjectProviders
2021-05-11 15:57:19.457 [http-nio-8088-exec-1] INFO  org.opensaml.xml.XMLConfigurator:182 - ObjectProviders load complete
2021-05-11 15:57:19.471 [http-nio-8088-exec-1] INFO  org.opensaml.xml.XMLConfigurator:180 - Preparing to load ObjectProviders
2021-05-11 15:57:19.491 [http-nio-8088-exec-1] INFO  org.opensaml.xml.XMLConfigurator:182 - ObjectProviders load complete
2021-05-11 15:57:19.498 [http-nio-8088-exec-1] INFO  org.opensaml.xml.XMLConfigurator:189 - Preparing to load ValidatorSuites
2021-05-11 15:57:19.527 [http-nio-8088-exec-1] INFO  org.opensaml.xml.XMLConfigurator:191 - ValidatorSuites load complete
2021-05-11 15:57:19.535 [http-nio-8088-exec-1] INFO  org.opensaml.xml.XMLConfigurator:180 - Preparing to load ObjectProviders
2021-05-11 15:57:19.553 [http-nio-8088-exec-1] INFO  org.opensaml.xml.XMLConfigurator:182 - ObjectProviders load complete
2021-05-11 15:57:19.557 [http-nio-8088-exec-1] INFO  org.opensaml.xml.XMLConfigurator:189 - Preparing to load ValidatorSuites
2021-05-11 15:57:19.575 [http-nio-8088-exec-1] INFO  org.opensaml.xml.XMLConfigurator:191 - ValidatorSuites load complete
2021-05-11 15:57:19.580 [http-nio-8088-exec-1] INFO  org.opensaml.xml.XMLConfigurator:180 - Preparing to load ObjectProviders
2021-05-11 15:57:19.585 [http-nio-8088-exec-1] INFO  org.opensaml.xml.XMLConfigurator:182 - ObjectProviders load complete
2021-05-11 15:57:19.589 [http-nio-8088-exec-1] INFO  org.opensaml.xml.XMLConfigurator:180 - Preparing to load ObjectProviders
2021-05-11 15:57:19.593 [http-nio-8088-exec-1] INFO  org.opensaml.xml.XMLConfigurator:182 - ObjectProviders load complete
2021-05-11 15:57:19.602 [http-nio-8088-exec-1] INFO  org.opensaml.xml.XMLConfigurator:180 - Preparing to load ObjectProviders
2021-05-11 15:57:19.619 [http-nio-8088-exec-1] INFO  org.opensaml.xml.XMLConfigurator:182 - ObjectProviders load complete
2021-05-11 15:57:19.624 [http-nio-8088-exec-1] INFO  org.opensaml.xml.XMLConfigurator:180 - Preparing to load ObjectProviders
2021-05-11 15:57:19.636 [http-nio-8088-exec-1] INFO  org.opensaml.xml.XMLConfigurator:182 - ObjectProviders load complete
2021-05-11 15:57:19.641 [http-nio-8088-exec-1] INFO  org.opensaml.xml.XMLConfigurator:189 - Preparing to load ValidatorSuites
2021-05-11 15:57:19.650 [http-nio-8088-exec-1] INFO  org.opensaml.xml.XMLConfigurator:191 - ValidatorSuites load complete
2021-05-11 15:57:19.661 [http-nio-8088-exec-1] INFO  org.opensaml.xml.XMLConfigurator:180 - Preparing to load ObjectProviders
2021-05-11 15:57:19.687 [http-nio-8088-exec-1] INFO  org.opensaml.xml.XMLConfigurator:182 - ObjectProviders load complete
2021-05-11 15:57:19.695 [http-nio-8088-exec-1] INFO  org.opensaml.xml.XMLConfigurator:180 - Preparing to load ObjectProviders
2021-05-11 15:57:19.735 [http-nio-8088-exec-1] INFO  org.opensaml.xml.XMLConfigurator:182 - ObjectProviders load complete
2021-05-11 15:57:19.739 [http-nio-8088-exec-1] INFO  org.opensaml.xml.XMLConfigurator:189 - Preparing to load ValidatorSuites
2021-05-11 15:57:19.759 [http-nio-8088-exec-1] INFO  org.opensaml.xml.XMLConfigurator:191 - ValidatorSuites load complete
2021-05-11 15:57:19.761 [http-nio-8088-exec-1] INFO  org.opensaml.xml.XMLConfigurator:180 - Preparing to load ObjectProviders
2021-05-11 15:57:19.762 [http-nio-8088-exec-1] INFO  org.opensaml.xml.XMLConfigurator:182 - ObjectProviders load complete
2021-05-11 15:57:19.767 [http-nio-8088-exec-1] INFO  org.opensaml.xml.XMLConfigurator:180 - Preparing to load ObjectProviders
2021-05-11 15:57:19.800 [http-nio-8088-exec-1] INFO  org.opensaml.xml.XMLConfigurator:182 - ObjectProviders load complete
2021-05-11 15:57:19.802 [http-nio-8088-exec-1] INFO  org.opensaml.xml.XMLConfigurator:189 - Preparing to load ValidatorSuites
2021-05-11 15:57:19.820 [http-nio-8088-exec-1] INFO  org.opensaml.xml.XMLConfigurator:191 - ValidatorSuites load complete
2021-05-11 15:57:19.827 [http-nio-8088-exec-1] INFO  org.opensaml.xml.XMLConfigurator:180 - Preparing to load ObjectProviders
2021-05-11 15:57:19.835 [http-nio-8088-exec-1] INFO  org.opensaml.xml.XMLConfigurator:182 - ObjectProviders load complete
2021-05-11 15:57:19.836 [http-nio-8088-exec-1] INFO  org.opensaml.xml.XMLConfigurator:180 - Preparing to load ObjectProviders
2021-05-11 15:57:19.838 [http-nio-8088-exec-1] INFO  org.opensaml.xml.XMLConfigurator:182 - ObjectProviders load complete
2021-05-11 15:57:19.840 [http-nio-8088-exec-1] INFO  org.opensaml.xml.XMLConfigurator:180 - Preparing to load ObjectProviders
2021-05-11 15:57:19.844 [http-nio-8088-exec-1] INFO  org.opensaml.xml.XMLConfigurator:182 - ObjectProviders load complete
2021-05-11 15:57:19.846 [http-nio-8088-exec-1] INFO  org.opensaml.xml.XMLConfigurator:180 - Preparing to load ObjectProviders
2021-05-11 15:57:19.848 [http-nio-8088-exec-1] INFO  org.opensaml.xml.XMLConfigurator:182 - ObjectProviders load complete
2021-05-11 15:57:19.850 [http-nio-8088-exec-1] INFO  org.opensaml.xml.XMLConfigurator:180 - Preparing to load ObjectProviders
2021-05-11 15:57:19.853 [http-nio-8088-exec-1] INFO  org.opensaml.xml.XMLConfigurator:182 - ObjectProviders load complete
2021-05-11 15:57:19.854 [http-nio-8088-exec-1] INFO  org.opensaml.xml.XMLConfigurator:180 - Preparing to load ObjectProviders
2021-05-11 15:57:19.858 [http-nio-8088-exec-1] INFO  org.opensaml.xml.XMLConfigurator:182 - ObjectProviders load complete
2021-05-11 15:57:19.861 [http-nio-8088-exec-1] INFO  org.opensaml.xml.XMLConfigurator:180 - Preparing to load ObjectProviders
2021-05-11 15:57:19.861 [http-nio-8088-exec-1] INFO  org.opensaml.xml.XMLConfigurator:182 - ObjectProviders load complete
2021-05-11 15:57:19.863 [http-nio-8088-exec-1] INFO  org.opensaml.xml.XMLConfigurator:180 - Preparing to load ObjectProviders
2021-05-11 15:57:19.877 [http-nio-8088-exec-1] INFO  org.opensaml.xml.XMLConfigurator:182 - ObjectProviders load complete
2021-05-11 15:57:19.884 [http-nio-8088-exec-1] INFO  org.opensaml.xml.XMLConfigurator:180 - Preparing to load ObjectProviders
2021-05-11 15:57:19.918 [http-nio-8088-exec-1] INFO  org.opensaml.xml.XMLConfigurator:182 - ObjectProviders load complete
2021-05-11 15:57:19.921 [http-nio-8088-exec-1] INFO  org.opensaml.xml.XMLConfigurator:180 - Preparing to load ObjectProviders
2021-05-11 15:57:19.921 [http-nio-8088-exec-1] INFO  org.opensaml.xml.XMLConfigurator:182 - ObjectProviders load complete
2021-05-11 15:57:19.924 [http-nio-8088-exec-1] INFO  org.opensaml.xml.XMLConfigurator:180 - Preparing to load ObjectProviders
2021-05-11 15:57:19.925 [http-nio-8088-exec-1] INFO  org.opensaml.xml.XMLConfigurator:182 - ObjectProviders load complete
2021-05-11 15:57:19.927 [http-nio-8088-exec-1] INFO  org.opensaml.xml.XMLConfigurator:180 - Preparing to load ObjectProviders
2021-05-11 15:57:19.966 [http-nio-8088-exec-1] INFO  org.opensaml.xml.XMLConfigurator:182 - ObjectProviders load complete
2021-05-11 15:57:19.969 [http-nio-8088-exec-1] INFO  org.opensaml.xml.XMLConfigurator:180 - Preparing to load ObjectProviders
2021-05-11 15:57:19.986 [http-nio-8088-exec-1] INFO  org.opensaml.xml.XMLConfigurator:182 - ObjectProviders load complete
2021-05-11 15:57:19.987 [http-nio-8088-exec-1] INFO  org.opensaml.xml.XMLConfigurator:198 - Preparing to load IDAttributes
2021-05-11 15:57:19.987 [http-nio-8088-exec-1] INFO  org.opensaml.xml.XMLConfigurator:200 - IDAttributes load complete
2021-05-11 15:57:20.076 [http-nio-8088-exec-1] INFO  com.tongji.samlsp.service.SAMLSPServlet:183 - p7StringParamJsonStr:===>{"p7String":"{\"subUserId\":\"32232233\"}"}
2021-05-11 15:57:24.010 [http-nio-8088-exec-1] INFO  com.tongji.samlsp.service.SAMLSPServlet:186 - jsonResponse:{"Code":400,"Message":"新增帐号失败：Error 1062: Duplicate entry '32232233' for key 'PRIMARY'","Data":"Error 1062: Duplicate entry '32232233' for key 'PRIMARY'"}
2021-05-11 15:57:51.568 [http-nio-8088-exec-1] INFO  com.tongji.samlsp.service.SAMLSPServlet:189 - webCheckResponse:WebCheckResponse(code=400, message=新增帐号失败：Error 1062: Duplicate entry '32232233' for key 'PRIMARY', data=Error 1062: Duplicate entry '32232233' for key 'PRIMARY')
2021-05-11 15:57:54.920 [http-nio-8088-exec-1] INFO  com.tongji.samlsp.service.SAMLSPServlet:193 - 验证为通过
2021-05-11 15:58:04.599 [http-nio-8088-exec-1] INFO  o.a.c.core.ContainerBase.[Tomcat].[localhost].[/]:173 - Initializing Spring DispatcherServlet 'dispatcherServlet'
2021-05-11 15:58:04.599 [http-nio-8088-exec-1] INFO  org.springframework.web.servlet.DispatcherServlet:524 - Initializing Servlet 'dispatcherServlet'
2021-05-11 15:58:04.605 [http-nio-8088-exec-1] INFO  org.springframework.web.servlet.DispatcherServlet:546 - Completed initialization in 6 ms
2021-05-11 15:58:12.726 [Thread-3] INFO  o.s.scheduling.concurrent.ThreadPoolTaskExecutor:208 - Shutting down ExecutorService 'applicationTaskExecutor'
2021-05-11 15:58:17.734 [main] INFO  com.tongji.samlsp.ApplicationRun:50 - Starting ApplicationRun on DESKTOP-T2K0VFU with PID 17376 (E:\Servlet\SSOProject\target\classes started by user in E:\Servlet\SSOProject)
2021-05-11 15:58:17.737 [main] INFO  com.tongji.samlsp.ApplicationRun:651 - The following profiles are active: dev
2021-05-11 15:58:18.778 [main] INFO  o.s.boot.web.embedded.tomcat.TomcatWebServer:90 - Tomcat initialized with port(s): 8088 (http)
2021-05-11 15:58:18.791 [main] INFO  org.apache.coyote.http11.Http11NioProtocol:173 - Initializing ProtocolHandler ["http-nio-8088"]
2021-05-11 15:58:18.799 [main] INFO  org.apache.catalina.core.StandardService:173 - Starting service [Tomcat]
2021-05-11 15:58:18.800 [main] INFO  org.apache.catalina.core.StandardEngine:173 - Starting Servlet engine: [Apache Tomcat/9.0.22]
2021-05-11 15:58:18.907 [main] INFO  o.a.c.core.ContainerBase.[Tomcat].[localhost].[/]:173 - Initializing Spring embedded WebApplicationContext
2021-05-11 15:58:18.907 [main] INFO  org.springframework.web.context.ContextLoader:284 - Root WebApplicationContext: initialization completed in 1128 ms
2021-05-11 15:58:19.439 [main] INFO  o.s.scheduling.concurrent.ThreadPoolTaskExecutor:171 - Initializing ExecutorService 'applicationTaskExecutor'
2021-05-11 15:58:19.599 [main] INFO  org.apache.coyote.http11.Http11NioProtocol:173 - Starting ProtocolHandler ["http-nio-8088"]
2021-05-11 15:58:19.623 [main] INFO  o.s.boot.web.embedded.tomcat.TomcatWebServer:202 - Tomcat started on port(s): 8088 (http) with context path ''
2021-05-11 15:58:19.626 [main] INFO  com.tongji.samlsp.ApplicationRun:59 - Started ApplicationRun in 2.457 seconds (JVM running for 3.775)
2021-05-11 15:58:24.237 [http-nio-8088-exec-2] INFO  com.tongji.samlsp.service.SAMLSPServlet:68 - samlResponseParam:
2021-05-11 15:58:24.250 [http-nio-8088-exec-2] INFO  com.tongji.samlsp.service.SAMLSPServlet:69 - samlRelayState:
2021-05-11 15:58:24.250 [http-nio-8088-exec-2] INFO  com.tongji.samlsp.service.SAMLSPServlet:75 - iamToken::::
2021-05-11 15:58:24.671 [http-nio-8088-exec-2] INFO  org.opensaml.xml.XMLConfigurator:180 - Preparing to load ObjectProviders
2021-05-11 15:58:24.675 [http-nio-8088-exec-2] INFO  org.opensaml.xml.XMLConfigurator:182 - ObjectProviders load complete
2021-05-11 15:58:24.683 [http-nio-8088-exec-2] INFO  org.opensaml.xml.XMLConfigurator:180 - Preparing to load ObjectProviders
2021-05-11 15:58:24.699 [http-nio-8088-exec-2] INFO  org.opensaml.xml.XMLConfigurator:182 - ObjectProviders load complete
2021-05-11 15:58:24.718 [http-nio-8088-exec-2] INFO  org.opensaml.xml.XMLConfigurator:180 - Preparing to load ObjectProviders
2021-05-11 15:58:24.740 [http-nio-8088-exec-2] INFO  org.opensaml.xml.XMLConfigurator:182 - ObjectProviders load complete
2021-05-11 15:58:24.745 [http-nio-8088-exec-2] INFO  org.opensaml.xml.XMLConfigurator:189 - Preparing to load ValidatorSuites
2021-05-11 15:58:24.756 [http-nio-8088-exec-2] INFO  org.opensaml.xml.XMLConfigurator:191 - ValidatorSuites load complete
2021-05-11 15:58:24.765 [http-nio-8088-exec-2] INFO  org.opensaml.xml.XMLConfigurator:180 - Preparing to load ObjectProviders
2021-05-11 15:58:24.785 [http-nio-8088-exec-2] INFO  org.opensaml.xml.XMLConfigurator:182 - ObjectProviders load complete
2021-05-11 15:58:24.789 [http-nio-8088-exec-2] INFO  org.opensaml.xml.XMLConfigurator:189 - Preparing to load ValidatorSuites
2021-05-11 15:58:24.793 [http-nio-8088-exec-2] INFO  org.opensaml.xml.XMLConfigurator:191 - ValidatorSuites load complete
2021-05-11 15:58:24.798 [http-nio-8088-exec-2] INFO  org.opensaml.xml.XMLConfigurator:180 - Preparing to load ObjectProviders
2021-05-11 15:58:24.804 [http-nio-8088-exec-2] INFO  org.opensaml.xml.XMLConfigurator:182 - ObjectProviders load complete
2021-05-11 15:58:24.806 [http-nio-8088-exec-2] INFO  org.opensaml.xml.XMLConfigurator:180 - Preparing to load ObjectProviders
2021-05-11 15:58:24.810 [http-nio-8088-exec-2] INFO  org.opensaml.xml.XMLConfigurator:182 - ObjectProviders load complete
2021-05-11 15:58:24.821 [http-nio-8088-exec-2] INFO  org.opensaml.xml.XMLConfigurator:180 - Preparing to load ObjectProviders
2021-05-11 15:58:24.850 [http-nio-8088-exec-2] INFO  org.opensaml.xml.XMLConfigurator:182 - ObjectProviders load complete
2021-05-11 15:58:24.854 [http-nio-8088-exec-2] INFO  org.opensaml.xml.XMLConfigurator:180 - Preparing to load ObjectProviders
2021-05-11 15:58:24.864 [http-nio-8088-exec-2] INFO  org.opensaml.xml.XMLConfigurator:182 - ObjectProviders load complete
2021-05-11 15:58:24.867 [http-nio-8088-exec-2] INFO  org.opensaml.xml.XMLConfigurator:189 - Preparing to load ValidatorSuites
2021-05-11 15:58:24.875 [http-nio-8088-exec-2] INFO  org.opensaml.xml.XMLConfigurator:191 - ValidatorSuites load complete
2021-05-11 15:58:24.887 [http-nio-8088-exec-2] INFO  org.opensaml.xml.XMLConfigurator:180 - Preparing to load ObjectProviders
2021-05-11 15:58:24.918 [http-nio-8088-exec-2] INFO  org.opensaml.xml.XMLConfigurator:182 - ObjectProviders load complete
2021-05-11 15:58:24.922 [http-nio-8088-exec-2] INFO  org.opensaml.xml.XMLConfigurator:180 - Preparing to load ObjectProviders
2021-05-11 15:58:24.961 [http-nio-8088-exec-2] INFO  org.opensaml.xml.XMLConfigurator:182 - ObjectProviders load complete
2021-05-11 15:58:24.972 [http-nio-8088-exec-2] INFO  org.opensaml.xml.XMLConfigurator:189 - Preparing to load ValidatorSuites
2021-05-11 15:58:24.995 [http-nio-8088-exec-2] INFO  org.opensaml.xml.XMLConfigurator:191 - ValidatorSuites load complete
2021-05-11 15:58:24.998 [http-nio-8088-exec-2] INFO  org.opensaml.xml.XMLConfigurator:180 - Preparing to load ObjectProviders
2021-05-11 15:58:24.999 [http-nio-8088-exec-2] INFO  org.opensaml.xml.XMLConfigurator:182 - ObjectProviders load complete
2021-05-11 15:58:25.006 [http-nio-8088-exec-2] INFO  org.opensaml.xml.XMLConfigurator:180 - Preparing to load ObjectProviders
2021-05-11 15:58:25.039 [http-nio-8088-exec-2] INFO  org.opensaml.xml.XMLConfigurator:182 - ObjectProviders load complete
2021-05-11 15:58:25.042 [http-nio-8088-exec-2] INFO  org.opensaml.xml.XMLConfigurator:189 - Preparing to load ValidatorSuites
2021-05-11 15:58:25.058 [http-nio-8088-exec-2] INFO  org.opensaml.xml.XMLConfigurator:191 - ValidatorSuites load complete
2021-05-11 15:58:25.060 [http-nio-8088-exec-2] INFO  org.opensaml.xml.XMLConfigurator:180 - Preparing to load ObjectProviders
2021-05-11 15:58:25.063 [http-nio-8088-exec-2] INFO  org.opensaml.xml.XMLConfigurator:182 - ObjectProviders load complete
2021-05-11 15:58:25.064 [http-nio-8088-exec-2] INFO  org.opensaml.xml.XMLConfigurator:180 - Preparing to load ObjectProviders
2021-05-11 15:58:25.066 [http-nio-8088-exec-2] INFO  org.opensaml.xml.XMLConfigurator:182 - ObjectProviders load complete
2021-05-11 15:58:25.067 [http-nio-8088-exec-2] INFO  org.opensaml.xml.XMLConfigurator:180 - Preparing to load ObjectProviders
2021-05-11 15:58:25.071 [http-nio-8088-exec-2] INFO  org.opensaml.xml.XMLConfigurator:182 - ObjectProviders load complete
2021-05-11 15:58:25.073 [http-nio-8088-exec-2] INFO  org.opensaml.xml.XMLConfigurator:180 - Preparing to load ObjectProviders
2021-05-11 15:58:25.086 [http-nio-8088-exec-2] INFO  org.opensaml.xml.XMLConfigurator:182 - ObjectProviders load complete
2021-05-11 15:58:25.088 [http-nio-8088-exec-2] INFO  org.opensaml.xml.XMLConfigurator:180 - Preparing to load ObjectProviders
2021-05-11 15:58:25.091 [http-nio-8088-exec-2] INFO  org.opensaml.xml.XMLConfigurator:182 - ObjectProviders load complete
2021-05-11 15:58:25.093 [http-nio-8088-exec-2] INFO  org.opensaml.xml.XMLConfigurator:180 - Preparing to load ObjectProviders
2021-05-11 15:58:25.106 [http-nio-8088-exec-2] INFO  org.opensaml.xml.XMLConfigurator:182 - ObjectProviders load complete
2021-05-11 15:58:25.110 [http-nio-8088-exec-2] INFO  org.opensaml.xml.XMLConfigurator:180 - Preparing to load ObjectProviders
2021-05-11 15:58:25.111 [http-nio-8088-exec-2] INFO  org.opensaml.xml.XMLConfigurator:182 - ObjectProviders load complete
2021-05-11 15:58:25.115 [http-nio-8088-exec-2] INFO  org.opensaml.xml.XMLConfigurator:180 - Preparing to load ObjectProviders
2021-05-11 15:58:25.130 [http-nio-8088-exec-2] INFO  org.opensaml.xml.XMLConfigurator:182 - ObjectProviders load complete
2021-05-11 15:58:25.137 [http-nio-8088-exec-2] INFO  org.opensaml.xml.XMLConfigurator:180 - Preparing to load ObjectProviders
2021-05-11 15:58:25.182 [http-nio-8088-exec-2] INFO  org.opensaml.xml.XMLConfigurator:182 - ObjectProviders load complete
2021-05-11 15:58:25.184 [http-nio-8088-exec-2] INFO  org.opensaml.xml.XMLConfigurator:180 - Preparing to load ObjectProviders
2021-05-11 15:58:25.184 [http-nio-8088-exec-2] INFO  org.opensaml.xml.XMLConfigurator:182 - ObjectProviders load complete
2021-05-11 15:58:25.187 [http-nio-8088-exec-2] INFO  org.opensaml.xml.XMLConfigurator:180 - Preparing to load ObjectProviders
2021-05-11 15:58:25.189 [http-nio-8088-exec-2] INFO  org.opensaml.xml.XMLConfigurator:182 - ObjectProviders load complete
2021-05-11 15:58:25.192 [http-nio-8088-exec-2] INFO  org.opensaml.xml.XMLConfigurator:180 - Preparing to load ObjectProviders
2021-05-11 15:58:25.227 [http-nio-8088-exec-2] INFO  org.opensaml.xml.XMLConfigurator:182 - ObjectProviders load complete
2021-05-11 15:58:25.232 [http-nio-8088-exec-2] INFO  org.opensaml.xml.XMLConfigurator:180 - Preparing to load ObjectProviders
2021-05-11 15:58:25.248 [http-nio-8088-exec-2] INFO  org.opensaml.xml.XMLConfigurator:182 - ObjectProviders load complete
2021-05-11 15:58:25.248 [http-nio-8088-exec-2] INFO  org.opensaml.xml.XMLConfigurator:198 - Preparing to load IDAttributes
2021-05-11 15:58:25.249 [http-nio-8088-exec-2] INFO  org.opensaml.xml.XMLConfigurator:200 - IDAttributes load complete
2021-05-11 15:58:25.328 [http-nio-8088-exec-2] INFO  com.tongji.samlsp.service.SAMLSPServlet:183 - p7StringParamJsonStr:===>{"p7String":"{\"subUserId\":\"32233332233\"}"}
2021-05-11 15:58:35.225 [http-nio-8088-exec-2] INFO  com.tongji.samlsp.service.SAMLSPServlet:186 - jsonResponse:{"code":200,"message":"","data":"http://222.93.106.197?jwt=HeFKCesPgQUHBBDMuxyoPQaecGNKbEZyeWGTe.CtoDbDcGkqc5LLw1yia9HRiKCW2oaGSZ6DjH4osXQdnjb2dkki2r15v7oC9Xwc5xL46xXUKXuLkFQ6wNyZbQi1emxKN1nn6MHSz8SeYC.8xcstqHuan5ejoLqu28c3SAkTeSumkx6o4abWkwSTBt2"}
2021-05-11 16:06:08.586 [http-nio-8088-exec-2] INFO  com.tongji.samlsp.service.SAMLSPServlet:189 - webCheckResponse:WebCheckResponse(code=200, message=, data=http://222.93.106.197?jwt=HeFKCesPgQUHBBDMuxyoPQaecGNKbEZyeWGTe.CtoDbDcGkqc5LLw1yia9HRiKCW2oaGSZ6DjH4osXQdnjb2dkki2r15v7oC9Xwc5xL46xXUKXuLkFQ6wNyZbQi1emxKN1nn6MHSz8SeYC.8xcstqHuan5ejoLqu28c3SAkTeSumkx6o4abWkwSTBt2)
2021-05-11 16:06:08.600 [http-nio-8088-exec-2] INFO  o.a.c.core.ContainerBase.[Tomcat].[localhost].[/]:173 - Initializing Spring DispatcherServlet 'dispatcherServlet'
2021-05-11 16:06:08.600 [http-nio-8088-exec-2] INFO  org.springframework.web.servlet.DispatcherServlet:524 - Initializing Servlet 'dispatcherServlet'
2021-05-11 16:06:08.605 [http-nio-8088-exec-2] INFO  org.springframework.web.servlet.DispatcherServlet:546 - Completed initialization in 5 ms
2021-05-11 16:06:08.660 [Thread-3] INFO  o.s.scheduling.concurrent.ThreadPoolTaskExecutor:208 - Shutting down ExecutorService 'applicationTaskExecutor'
2021-05-11 16:06:13.833 [main] INFO  com.tongji.samlsp.ApplicationRun:50 - Starting ApplicationRun on DESKTOP-T2K0VFU with PID 13964 (E:\Servlet\SSOProject\target\classes started by user in E:\Servlet\SSOProject)
2021-05-11 16:06:13.837 [main] INFO  com.tongji.samlsp.ApplicationRun:651 - The following profiles are active: dev
2021-05-11 16:06:14.862 [main] INFO  o.s.boot.web.embedded.tomcat.TomcatWebServer:90 - Tomcat initialized with port(s): 8088 (http)
2021-05-11 16:06:14.910 [main] INFO  org.apache.coyote.http11.Http11NioProtocol:173 - Initializing ProtocolHandler ["http-nio-8088"]
2021-05-11 16:06:14.918 [main] INFO  org.apache.catalina.core.StandardService:173 - Starting service [Tomcat]
2021-05-11 16:06:14.919 [main] INFO  org.apache.catalina.core.StandardEngine:173 - Starting Servlet engine: [Apache Tomcat/9.0.22]
2021-05-11 16:06:15.027 [main] INFO  o.a.c.core.ContainerBase.[Tomcat].[localhost].[/]:173 - Initializing Spring embedded WebApplicationContext
2021-05-11 16:06:15.027 [main] INFO  org.springframework.web.context.ContextLoader:284 - Root WebApplicationContext: initialization completed in 1141 ms
2021-05-11 16:06:15.579 [main] INFO  o.s.scheduling.concurrent.ThreadPoolTaskExecutor:171 - Initializing ExecutorService 'applicationTaskExecutor'
2021-05-11 16:06:15.730 [main] INFO  org.apache.coyote.http11.Http11NioProtocol:173 - Starting ProtocolHandler ["http-nio-8088"]
2021-05-11 16:06:15.754 [main] INFO  o.s.boot.web.embedded.tomcat.TomcatWebServer:202 - Tomcat started on port(s): 8088 (http) with context path ''
2021-05-11 16:06:15.757 [main] INFO  com.tongji.samlsp.ApplicationRun:59 - Started ApplicationRun in 2.532 seconds (JVM running for 3.4)
2021-05-11 16:06:20.339 [http-nio-8088-exec-2] INFO  com.tongji.samlsp.service.SAMLSPServlet:69 - samlResponseParam:
2021-05-11 16:06:20.340 [http-nio-8088-exec-2] INFO  com.tongji.samlsp.service.SAMLSPServlet:70 - samlRelayState:
2021-05-11 16:06:20.341 [http-nio-8088-exec-2] INFO  com.tongji.samlsp.service.SAMLSPServlet:76 - iamToken::::
2021-05-11 16:06:20.759 [http-nio-8088-exec-2] INFO  org.opensaml.xml.XMLConfigurator:180 - Preparing to load ObjectProviders
2021-05-11 16:06:20.763 [http-nio-8088-exec-2] INFO  org.opensaml.xml.XMLConfigurator:182 - ObjectProviders load complete
2021-05-11 16:06:20.769 [http-nio-8088-exec-2] INFO  org.opensaml.xml.XMLConfigurator:180 - Preparing to load ObjectProviders
2021-05-11 16:06:20.775 [http-nio-8088-exec-2] INFO  org.opensaml.xml.XMLConfigurator:182 - ObjectProviders load complete
2021-05-11 16:06:20.798 [http-nio-8088-exec-2] INFO  org.opensaml.xml.XMLConfigurator:180 - Preparing to load ObjectProviders
2021-05-11 16:06:20.830 [http-nio-8088-exec-2] INFO  org.opensaml.xml.XMLConfigurator:182 - ObjectProviders load complete
2021-05-11 16:06:20.837 [http-nio-8088-exec-2] INFO  org.opensaml.xml.XMLConfigurator:189 - Preparing to load ValidatorSuites
2021-05-11 16:06:20.848 [http-nio-8088-exec-2] INFO  org.opensaml.xml.XMLConfigurator:191 - ValidatorSuites load complete
2021-05-11 16:06:20.857 [http-nio-8088-exec-2] INFO  org.opensaml.xml.XMLConfigurator:180 - Preparing to load ObjectProviders
2021-05-11 16:06:20.876 [http-nio-8088-exec-2] INFO  org.opensaml.xml.XMLConfigurator:182 - ObjectProviders load complete
2021-05-11 16:06:20.879 [http-nio-8088-exec-2] INFO  org.opensaml.xml.XMLConfigurator:189 - Preparing to load ValidatorSuites
2021-05-11 16:06:20.887 [http-nio-8088-exec-2] INFO  org.opensaml.xml.XMLConfigurator:191 - ValidatorSuites load complete
2021-05-11 16:06:20.893 [http-nio-8088-exec-2] INFO  org.opensaml.xml.XMLConfigurator:180 - Preparing to load ObjectProviders
2021-05-11 16:06:20.898 [http-nio-8088-exec-2] INFO  org.opensaml.xml.XMLConfigurator:182 - ObjectProviders load complete
2021-05-11 16:06:20.903 [http-nio-8088-exec-2] INFO  org.opensaml.xml.XMLConfigurator:180 - Preparing to load ObjectProviders
2021-05-11 16:06:20.907 [http-nio-8088-exec-2] INFO  org.opensaml.xml.XMLConfigurator:182 - ObjectProviders load complete
2021-05-11 16:06:20.918 [http-nio-8088-exec-2] INFO  org.opensaml.xml.XMLConfigurator:180 - Preparing to load ObjectProviders
2021-05-11 16:06:20.937 [http-nio-8088-exec-2] INFO  org.opensaml.xml.XMLConfigurator:182 - ObjectProviders load complete
2021-05-11 16:06:20.942 [http-nio-8088-exec-2] INFO  org.opensaml.xml.XMLConfigurator:180 - Preparing to load ObjectProviders
2021-05-11 16:06:20.958 [http-nio-8088-exec-2] INFO  org.opensaml.xml.XMLConfigurator:182 - ObjectProviders load complete
2021-05-11 16:06:20.961 [http-nio-8088-exec-2] INFO  org.opensaml.xml.XMLConfigurator:189 - Preparing to load ValidatorSuites
2021-05-11 16:06:20.988 [http-nio-8088-exec-2] INFO  org.opensaml.xml.XMLConfigurator:191 - ValidatorSuites load complete
2021-05-11 16:06:20.997 [http-nio-8088-exec-2] INFO  org.opensaml.xml.XMLConfigurator:180 - Preparing to load ObjectProviders
2021-05-11 16:06:21.028 [http-nio-8088-exec-2] INFO  org.opensaml.xml.XMLConfigurator:182 - ObjectProviders load complete
2021-05-11 16:06:21.035 [http-nio-8088-exec-2] INFO  org.opensaml.xml.XMLConfigurator:180 - Preparing to load ObjectProviders
2021-05-11 16:06:21.065 [http-nio-8088-exec-2] INFO  org.opensaml.xml.XMLConfigurator:182 - ObjectProviders load complete
2021-05-11 16:06:21.069 [http-nio-8088-exec-2] INFO  org.opensaml.xml.XMLConfigurator:189 - Preparing to load ValidatorSuites
2021-05-11 16:06:21.083 [http-nio-8088-exec-2] INFO  org.opensaml.xml.XMLConfigurator:191 - ValidatorSuites load complete
2021-05-11 16:06:21.086 [http-nio-8088-exec-2] INFO  org.opensaml.xml.XMLConfigurator:180 - Preparing to load ObjectProviders
2021-05-11 16:06:21.088 [http-nio-8088-exec-2] INFO  org.opensaml.xml.XMLConfigurator:182 - ObjectProviders load complete
2021-05-11 16:06:21.092 [http-nio-8088-exec-2] INFO  org.opensaml.xml.XMLConfigurator:180 - Preparing to load ObjectProviders
2021-05-11 16:06:21.138 [http-nio-8088-exec-2] INFO  org.opensaml.xml.XMLConfigurator:182 - ObjectProviders load complete
2021-05-11 16:06:21.141 [http-nio-8088-exec-2] INFO  org.opensaml.xml.XMLConfigurator:189 - Preparing to load ValidatorSuites
2021-05-11 16:06:21.157 [http-nio-8088-exec-2] INFO  org.opensaml.xml.XMLConfigurator:191 - ValidatorSuites load complete
2021-05-11 16:06:21.159 [http-nio-8088-exec-2] INFO  org.opensaml.xml.XMLConfigurator:180 - Preparing to load ObjectProviders
2021-05-11 16:06:21.160 [http-nio-8088-exec-2] INFO  org.opensaml.xml.XMLConfigurator:182 - ObjectProviders load complete
2021-05-11 16:06:21.162 [http-nio-8088-exec-2] INFO  org.opensaml.xml.XMLConfigurator:180 - Preparing to load ObjectProviders
2021-05-11 16:06:21.164 [http-nio-8088-exec-2] INFO  org.opensaml.xml.XMLConfigurator:182 - ObjectProviders load complete
2021-05-11 16:06:21.165 [http-nio-8088-exec-2] INFO  org.opensaml.xml.XMLConfigurator:180 - Preparing to load ObjectProviders
2021-05-11 16:06:21.169 [http-nio-8088-exec-2] INFO  org.opensaml.xml.XMLConfigurator:182 - ObjectProviders load complete
2021-05-11 16:06:21.171 [http-nio-8088-exec-2] INFO  org.opensaml.xml.XMLConfigurator:180 - Preparing to load ObjectProviders
2021-05-11 16:06:21.173 [http-nio-8088-exec-2] INFO  org.opensaml.xml.XMLConfigurator:182 - ObjectProviders load complete
2021-05-11 16:06:21.174 [http-nio-8088-exec-2] INFO  org.opensaml.xml.XMLConfigurator:180 - Preparing to load ObjectProviders
2021-05-11 16:06:21.176 [http-nio-8088-exec-2] INFO  org.opensaml.xml.XMLConfigurator:182 - ObjectProviders load complete
2021-05-11 16:06:21.178 [http-nio-8088-exec-2] INFO  org.opensaml.xml.XMLConfigurator:180 - Preparing to load ObjectProviders
2021-05-11 16:06:21.182 [http-nio-8088-exec-2] INFO  org.opensaml.xml.XMLConfigurator:182 - ObjectProviders load complete
2021-05-11 16:06:21.184 [http-nio-8088-exec-2] INFO  org.opensaml.xml.XMLConfigurator:180 - Preparing to load ObjectProviders
2021-05-11 16:06:21.185 [http-nio-8088-exec-2] INFO  org.opensaml.xml.XMLConfigurator:182 - ObjectProviders load complete
2021-05-11 16:06:21.187 [http-nio-8088-exec-2] INFO  org.opensaml.xml.XMLConfigurator:180 - Preparing to load ObjectProviders
2021-05-11 16:06:21.206 [http-nio-8088-exec-2] INFO  org.opensaml.xml.XMLConfigurator:182 - ObjectProviders load complete
2021-05-11 16:06:21.210 [http-nio-8088-exec-2] INFO  org.opensaml.xml.XMLConfigurator:180 - Preparing to load ObjectProviders
2021-05-11 16:06:21.251 [http-nio-8088-exec-2] INFO  org.opensaml.xml.XMLConfigurator:182 - ObjectProviders load complete
2021-05-11 16:06:21.253 [http-nio-8088-exec-2] INFO  org.opensaml.xml.XMLConfigurator:180 - Preparing to load ObjectProviders
2021-05-11 16:06:21.254 [http-nio-8088-exec-2] INFO  org.opensaml.xml.XMLConfigurator:182 - ObjectProviders load complete
2021-05-11 16:06:21.266 [http-nio-8088-exec-2] INFO  org.opensaml.xml.XMLConfigurator:180 - Preparing to load ObjectProviders
2021-05-11 16:06:21.268 [http-nio-8088-exec-2] INFO  org.opensaml.xml.XMLConfigurator:182 - ObjectProviders load complete
2021-05-11 16:06:21.270 [http-nio-8088-exec-2] INFO  org.opensaml.xml.XMLConfigurator:180 - Preparing to load ObjectProviders
2021-05-11 16:06:21.292 [http-nio-8088-exec-2] INFO  org.opensaml.xml.XMLConfigurator:182 - ObjectProviders load complete
2021-05-11 16:06:21.296 [http-nio-8088-exec-2] INFO  org.opensaml.xml.XMLConfigurator:180 - Preparing to load ObjectProviders
2021-05-11 16:06:21.325 [http-nio-8088-exec-2] INFO  org.opensaml.xml.XMLConfigurator:182 - ObjectProviders load complete
2021-05-11 16:06:21.325 [http-nio-8088-exec-2] INFO  org.opensaml.xml.XMLConfigurator:198 - Preparing to load IDAttributes
2021-05-11 16:06:21.326 [http-nio-8088-exec-2] INFO  org.opensaml.xml.XMLConfigurator:200 - IDAttributes load complete
2021-05-11 16:06:41.270 [http-nio-8088-exec-3] INFO  com.tongji.samlsp.service.SAMLSPServlet:69 - samlResponseParam:
2021-05-11 16:06:41.270 [http-nio-8088-exec-3] INFO  com.tongji.samlsp.service.SAMLSPServlet:70 - samlRelayState:
2021-05-11 16:06:41.271 [http-nio-8088-exec-3] INFO  com.tongji.samlsp.service.SAMLSPServlet:76 - iamToken::::
2021-05-11 16:06:41.287 [http-nio-8088-exec-3] INFO  org.opensaml.xml.XMLConfigurator:180 - Preparing to load ObjectProviders
2021-05-11 16:06:41.288 [http-nio-8088-exec-3] INFO  org.opensaml.xml.XMLConfigurator:182 - ObjectProviders load complete
2021-05-11 16:06:41.294 [http-nio-8088-exec-3] INFO  org.opensaml.xml.XMLConfigurator:180 - Preparing to load ObjectProviders
2021-05-11 16:06:41.296 [http-nio-8088-exec-3] INFO  org.opensaml.xml.XMLConfigurator:182 - ObjectProviders load complete
2021-05-11 16:06:41.299 [http-nio-8088-exec-3] INFO  org.opensaml.xml.XMLConfigurator:180 - Preparing to load ObjectProviders
2021-05-11 16:06:41.302 [http-nio-8088-exec-3] INFO  org.opensaml.xml.XMLConfigurator:182 - ObjectProviders load complete
2021-05-11 16:06:41.304 [http-nio-8088-exec-3] INFO  org.opensaml.xml.XMLConfigurator:189 - Preparing to load ValidatorSuites
2021-05-11 16:06:41.306 [http-nio-8088-exec-3] INFO  org.opensaml.xml.XMLConfigurator:191 - ValidatorSuites load complete
2021-05-11 16:06:41.308 [http-nio-8088-exec-3] INFO  org.opensaml.xml.XMLConfigurator:180 - Preparing to load ObjectProviders
2021-05-11 16:06:41.311 [http-nio-8088-exec-3] INFO  org.opensaml.xml.XMLConfigurator:182 - ObjectProviders load complete
2021-05-11 16:06:41.313 [http-nio-8088-exec-3] INFO  org.opensaml.xml.XMLConfigurator:189 - Preparing to load ValidatorSuites
2021-05-11 16:06:41.315 [http-nio-8088-exec-3] INFO  org.opensaml.xml.XMLConfigurator:191 - ValidatorSuites load complete
2021-05-11 16:06:41.317 [http-nio-8088-exec-3] INFO  org.opensaml.xml.XMLConfigurator:180 - Preparing to load ObjectProviders
2021-05-11 16:06:41.317 [http-nio-8088-exec-3] INFO  org.opensaml.xml.XMLConfigurator:182 - ObjectProviders load complete
2021-05-11 16:06:41.319 [http-nio-8088-exec-3] INFO  org.opensaml.xml.XMLConfigurator:180 - Preparing to load ObjectProviders
2021-05-11 16:06:41.319 [http-nio-8088-exec-3] INFO  org.opensaml.xml.XMLConfigurator:182 - ObjectProviders load complete
2021-05-11 16:06:41.322 [http-nio-8088-exec-3] INFO  org.opensaml.xml.XMLConfigurator:180 - Preparing to load ObjectProviders
2021-05-11 16:06:41.323 [http-nio-8088-exec-3] INFO  org.opensaml.xml.XMLConfigurator:182 - ObjectProviders load complete
2021-05-11 16:06:41.325 [http-nio-8088-exec-3] INFO  org.opensaml.xml.XMLConfigurator:180 - Preparing to load ObjectProviders
2021-05-11 16:06:41.325 [http-nio-8088-exec-3] INFO  org.opensaml.xml.XMLConfigurator:182 - ObjectProviders load complete
2021-05-11 16:06:41.327 [http-nio-8088-exec-3] INFO  org.opensaml.xml.XMLConfigurator:189 - Preparing to load ValidatorSuites
2021-05-11 16:06:41.333 [http-nio-8088-exec-3] INFO  org.opensaml.xml.XMLConfigurator:191 - ValidatorSuites load complete
2021-05-11 16:06:41.340 [http-nio-8088-exec-3] INFO  org.opensaml.xml.XMLConfigurator:180 - Preparing to load ObjectProviders
2021-05-11 16:06:41.341 [http-nio-8088-exec-3] INFO  org.opensaml.xml.XMLConfigurator:182 - ObjectProviders load complete
2021-05-11 16:06:41.344 [http-nio-8088-exec-3] INFO  org.opensaml.xml.XMLConfigurator:180 - Preparing to load ObjectProviders
2021-05-11 16:06:41.345 [http-nio-8088-exec-3] INFO  org.opensaml.xml.XMLConfigurator:182 - ObjectProviders load complete
2021-05-11 16:06:41.347 [http-nio-8088-exec-3] INFO  org.opensaml.xml.XMLConfigurator:189 - Preparing to load ValidatorSuites
2021-05-11 16:06:41.349 [http-nio-8088-exec-3] INFO  org.opensaml.xml.XMLConfigurator:191 - ValidatorSuites load complete
2021-05-11 16:06:41.353 [http-nio-8088-exec-3] INFO  org.opensaml.xml.XMLConfigurator:180 - Preparing to load ObjectProviders
2021-05-11 16:06:41.353 [http-nio-8088-exec-3] INFO  org.opensaml.xml.XMLConfigurator:182 - ObjectProviders load complete
2021-05-11 16:06:41.358 [http-nio-8088-exec-3] INFO  org.opensaml.xml.XMLConfigurator:180 - Preparing to load ObjectProviders
2021-05-11 16:06:41.359 [http-nio-8088-exec-3] INFO  org.opensaml.xml.XMLConfigurator:182 - ObjectProviders load complete
2021-05-11 16:06:41.361 [http-nio-8088-exec-3] INFO  org.opensaml.xml.XMLConfigurator:189 - Preparing to load ValidatorSuites
2021-05-11 16:06:41.363 [http-nio-8088-exec-3] INFO  org.opensaml.xml.XMLConfigurator:191 - ValidatorSuites load complete
2021-05-11 16:06:41.364 [http-nio-8088-exec-3] INFO  org.opensaml.xml.XMLConfigurator:180 - Preparing to load ObjectProviders
2021-05-11 16:06:41.364 [http-nio-8088-exec-3] INFO  org.opensaml.xml.XMLConfigurator:182 - ObjectProviders load complete
2021-05-11 16:06:41.366 [http-nio-8088-exec-3] INFO  org.opensaml.xml.XMLConfigurator:180 - Preparing to load ObjectProviders
2021-05-11 16:06:41.366 [http-nio-8088-exec-3] INFO  org.opensaml.xml.XMLConfigurator:182 - ObjectProviders load complete
2021-05-11 16:06:41.371 [http-nio-8088-exec-3] INFO  org.opensaml.xml.XMLConfigurator:180 - Preparing to load ObjectProviders
2021-05-11 16:06:41.372 [http-nio-8088-exec-3] INFO  org.opensaml.xml.XMLConfigurator:182 - ObjectProviders load complete
2021-05-11 16:06:41.374 [http-nio-8088-exec-3] INFO  org.opensaml.xml.XMLConfigurator:180 - Preparing to load ObjectProviders
2021-05-11 16:06:41.375 [http-nio-8088-exec-3] INFO  org.opensaml.xml.XMLConfigurator:182 - ObjectProviders load complete
2021-05-11 16:06:41.376 [http-nio-8088-exec-3] INFO  org.opensaml.xml.XMLConfigurator:180 - Preparing to load ObjectProviders
2021-05-11 16:06:41.376 [http-nio-8088-exec-3] INFO  org.opensaml.xml.XMLConfigurator:182 - ObjectProviders load complete
2021-05-11 16:06:41.378 [http-nio-8088-exec-3] INFO  org.opensaml.xml.XMLConfigurator:180 - Preparing to load ObjectProviders
2021-05-11 16:06:41.378 [http-nio-8088-exec-3] INFO  org.opensaml.xml.XMLConfigurator:182 - ObjectProviders load complete
2021-05-11 16:06:41.380 [http-nio-8088-exec-3] INFO  org.opensaml.xml.XMLConfigurator:180 - Preparing to load ObjectProviders
2021-05-11 16:06:41.380 [http-nio-8088-exec-3] INFO  org.opensaml.xml.XMLConfigurator:182 - ObjectProviders load complete
2021-05-11 16:06:41.382 [http-nio-8088-exec-3] INFO  org.opensaml.xml.XMLConfigurator:180 - Preparing to load ObjectProviders
2021-05-11 16:06:41.382 [http-nio-8088-exec-3] INFO  org.opensaml.xml.XMLConfigurator:182 - ObjectProviders load complete
2021-05-11 16:06:41.388 [http-nio-8088-exec-3] INFO  org.opensaml.xml.XMLConfigurator:180 - Preparing to load ObjectProviders
2021-05-11 16:06:41.398 [http-nio-8088-exec-3] INFO  org.opensaml.xml.XMLConfigurator:182 - ObjectProviders load complete
2021-05-11 16:06:41.400 [http-nio-8088-exec-3] INFO  org.opensaml.xml.XMLConfigurator:180 - Preparing to load ObjectProviders
2021-05-11 16:06:41.402 [http-nio-8088-exec-3] INFO  org.opensaml.xml.XMLConfigurator:182 - ObjectProviders load complete
2021-05-11 16:06:41.404 [http-nio-8088-exec-3] INFO  org.opensaml.xml.XMLConfigurator:180 - Preparing to load ObjectProviders
2021-05-11 16:06:41.409 [http-nio-8088-exec-3] INFO  org.opensaml.xml.XMLConfigurator:182 - ObjectProviders load complete
2021-05-11 16:06:41.411 [http-nio-8088-exec-3] INFO  org.opensaml.xml.XMLConfigurator:180 - Preparing to load ObjectProviders
2021-05-11 16:06:41.411 [http-nio-8088-exec-3] INFO  org.opensaml.xml.XMLConfigurator:182 - ObjectProviders load complete
2021-05-11 16:06:41.413 [http-nio-8088-exec-3] INFO  org.opensaml.xml.XMLConfigurator:180 - Preparing to load ObjectProviders
2021-05-11 16:06:41.413 [http-nio-8088-exec-3] INFO  org.opensaml.xml.XMLConfigurator:182 - ObjectProviders load complete
2021-05-11 16:06:41.414 [http-nio-8088-exec-3] INFO  org.opensaml.xml.XMLConfigurator:198 - Preparing to load IDAttributes
2021-05-11 16:06:41.414 [http-nio-8088-exec-3] INFO  org.opensaml.xml.XMLConfigurator:200 - IDAttributes load complete
2021-05-11 16:54:12.696 [http-nio-8088-exec-6] INFO  com.tongji.samlsp.service.SAMLSPServlet:69 - samlResponseParam:
2021-05-11 16:54:12.705 [http-nio-8088-exec-6] INFO  com.tongji.samlsp.service.SAMLSPServlet:70 - samlRelayState:
2021-05-11 16:54:12.709 [http-nio-8088-exec-6] INFO  com.tongji.samlsp.service.SAMLSPServlet:76 - iamToken::::
2021-05-11 16:54:12.880 [http-nio-8088-exec-6] INFO  org.opensaml.xml.XMLConfigurator:180 - Preparing to load ObjectProviders
2021-05-11 16:54:12.880 [http-nio-8088-exec-6] INFO  org.opensaml.xml.XMLConfigurator:182 - ObjectProviders load complete
2021-05-11 16:54:12.882 [http-nio-8088-exec-6] INFO  org.opensaml.xml.XMLConfigurator:180 - Preparing to load ObjectProviders
2021-05-11 16:54:12.884 [http-nio-8088-exec-6] INFO  org.opensaml.xml.XMLConfigurator:182 - ObjectProviders load complete
2021-05-11 16:54:12.889 [http-nio-8088-exec-6] INFO  org.opensaml.xml.XMLConfigurator:180 - Preparing to load ObjectProviders
2021-05-11 16:54:12.891 [http-nio-8088-exec-6] INFO  org.opensaml.xml.XMLConfigurator:182 - ObjectProviders load complete
2021-05-11 16:54:12.894 [http-nio-8088-exec-6] INFO  org.opensaml.xml.XMLConfigurator:189 - Preparing to load ValidatorSuites
2021-05-11 16:54:12.911 [http-nio-8088-exec-6] INFO  org.opensaml.xml.XMLConfigurator:191 - ValidatorSuites load complete
2021-05-11 16:54:12.914 [http-nio-8088-exec-6] INFO  org.opensaml.xml.XMLConfigurator:180 - Preparing to load ObjectProviders
2021-05-11 16:54:12.915 [http-nio-8088-exec-6] INFO  org.opensaml.xml.XMLConfigurator:182 - ObjectProviders load complete
2021-05-11 16:54:12.917 [http-nio-8088-exec-6] INFO  org.opensaml.xml.XMLConfigurator:189 - Preparing to load ValidatorSuites
2021-05-11 16:54:12.918 [http-nio-8088-exec-6] INFO  org.opensaml.xml.XMLConfigurator:191 - ValidatorSuites load complete
2021-05-11 16:54:12.924 [http-nio-8088-exec-6] INFO  org.opensaml.xml.XMLConfigurator:180 - Preparing to load ObjectProviders
2021-05-11 16:54:12.925 [http-nio-8088-exec-6] INFO  org.opensaml.xml.XMLConfigurator:182 - ObjectProviders load complete
2021-05-11 16:54:12.927 [http-nio-8088-exec-6] INFO  org.opensaml.xml.XMLConfigurator:180 - Preparing to load ObjectProviders
2021-05-11 16:54:12.927 [http-nio-8088-exec-6] INFO  org.opensaml.xml.XMLConfigurator:182 - ObjectProviders load complete
2021-05-11 16:54:12.930 [http-nio-8088-exec-6] INFO  org.opensaml.xml.XMLConfigurator:180 - Preparing to load ObjectProviders
2021-05-11 16:54:12.931 [http-nio-8088-exec-6] INFO  org.opensaml.xml.XMLConfigurator:182 - ObjectProviders load complete
2021-05-11 16:54:12.933 [http-nio-8088-exec-6] INFO  org.opensaml.xml.XMLConfigurator:180 - Preparing to load ObjectProviders
2021-05-11 16:54:12.933 [http-nio-8088-exec-6] INFO  org.opensaml.xml.XMLConfigurator:182 - ObjectProviders load complete
2021-05-11 16:54:12.935 [http-nio-8088-exec-6] INFO  org.opensaml.xml.XMLConfigurator:189 - Preparing to load ValidatorSuites
2021-05-11 16:54:12.942 [http-nio-8088-exec-6] INFO  org.opensaml.xml.XMLConfigurator:191 - ValidatorSuites load complete
2021-05-11 16:54:12.945 [http-nio-8088-exec-6] INFO  org.opensaml.xml.XMLConfigurator:180 - Preparing to load ObjectProviders
2021-05-11 16:54:12.946 [http-nio-8088-exec-6] INFO  org.opensaml.xml.XMLConfigurator:182 - ObjectProviders load complete
2021-05-11 16:54:12.950 [http-nio-8088-exec-6] INFO  org.opensaml.xml.XMLConfigurator:180 - Preparing to load ObjectProviders
2021-05-11 16:54:12.951 [http-nio-8088-exec-6] INFO  org.opensaml.xml.XMLConfigurator:182 - ObjectProviders load complete
2021-05-11 16:54:12.956 [http-nio-8088-exec-6] INFO  org.opensaml.xml.XMLConfigurator:189 - Preparing to load ValidatorSuites
2021-05-11 16:54:12.959 [http-nio-8088-exec-6] INFO  org.opensaml.xml.XMLConfigurator:191 - ValidatorSuites load complete
2021-05-11 16:54:12.961 [http-nio-8088-exec-6] INFO  org.opensaml.xml.XMLConfigurator:180 - Preparing to load ObjectProviders
2021-05-11 16:54:12.961 [http-nio-8088-exec-6] INFO  org.opensaml.xml.XMLConfigurator:182 - ObjectProviders load complete
2021-05-11 16:54:12.965 [http-nio-8088-exec-6] INFO  org.opensaml.xml.XMLConfigurator:180 - Preparing to load ObjectProviders
2021-05-11 16:54:12.966 [http-nio-8088-exec-6] INFO  org.opensaml.xml.XMLConfigurator:182 - ObjectProviders load complete
2021-05-11 16:54:12.968 [http-nio-8088-exec-6] INFO  org.opensaml.xml.XMLConfigurator:189 - Preparing to load ValidatorSuites
2021-05-11 16:54:12.973 [http-nio-8088-exec-6] INFO  org.opensaml.xml.XMLConfigurator:191 - ValidatorSuites load complete
2021-05-11 16:54:12.976 [http-nio-8088-exec-6] INFO  org.opensaml.xml.XMLConfigurator:180 - Preparing to load ObjectProviders
2021-05-11 16:54:12.977 [http-nio-8088-exec-6] INFO  org.opensaml.xml.XMLConfigurator:182 - ObjectProviders load complete
2021-05-11 16:54:12.978 [http-nio-8088-exec-6] INFO  org.opensaml.xml.XMLConfigurator:180 - Preparing to load ObjectProviders
2021-05-11 16:54:12.979 [http-nio-8088-exec-6] INFO  org.opensaml.xml.XMLConfigurator:182 - ObjectProviders load complete
2021-05-11 16:54:12.980 [http-nio-8088-exec-6] INFO  org.opensaml.xml.XMLConfigurator:180 - Preparing to load ObjectProviders
2021-05-11 16:54:12.980 [http-nio-8088-exec-6] INFO  org.opensaml.xml.XMLConfigurator:182 - ObjectProviders load complete
2021-05-11 16:54:12.982 [http-nio-8088-exec-6] INFO  org.opensaml.xml.XMLConfigurator:180 - Preparing to load ObjectProviders
2021-05-11 16:54:12.982 [http-nio-8088-exec-6] INFO  org.opensaml.xml.XMLConfigurator:182 - ObjectProviders load complete
2021-05-11 16:54:12.984 [http-nio-8088-exec-6] INFO  org.opensaml.xml.XMLConfigurator:180 - Preparing to load ObjectProviders
2021-05-11 16:54:12.984 [http-nio-8088-exec-6] INFO  org.opensaml.xml.XMLConfigurator:182 - ObjectProviders load complete
2021-05-11 16:54:12.986 [http-nio-8088-exec-6] INFO  org.opensaml.xml.XMLConfigurator:180 - Preparing to load ObjectProviders
2021-05-11 16:54:12.990 [http-nio-8088-exec-6] INFO  org.opensaml.xml.XMLConfigurator:182 - ObjectProviders load complete
2021-05-11 16:54:12.993 [http-nio-8088-exec-6] INFO  org.opensaml.xml.XMLConfigurator:180 - Preparing to load ObjectProviders
2021-05-11 16:54:12.993 [http-nio-8088-exec-6] INFO  org.opensaml.xml.XMLConfigurator:182 - ObjectProviders load complete
2021-05-11 16:54:12.995 [http-nio-8088-exec-6] INFO  org.opensaml.xml.XMLConfigurator:180 - Preparing to load ObjectProviders
2021-05-11 16:54:12.996 [http-nio-8088-exec-6] INFO  org.opensaml.xml.XMLConfigurator:182 - ObjectProviders load complete
2021-05-11 16:54:13.005 [http-nio-8088-exec-6] INFO  org.opensaml.xml.XMLConfigurator:180 - Preparing to load ObjectProviders
2021-05-11 16:54:13.008 [http-nio-8088-exec-6] INFO  org.opensaml.xml.XMLConfigurator:182 - ObjectProviders load complete
2021-05-11 16:54:13.010 [http-nio-8088-exec-6] INFO  org.opensaml.xml.XMLConfigurator:180 - Preparing to load ObjectProviders
2021-05-11 16:54:13.011 [http-nio-8088-exec-6] INFO  org.opensaml.xml.XMLConfigurator:182 - ObjectProviders load complete
2021-05-11 16:54:13.012 [http-nio-8088-exec-6] INFO  org.opensaml.xml.XMLConfigurator:180 - Preparing to load ObjectProviders
2021-05-11 16:54:13.013 [http-nio-8088-exec-6] INFO  org.opensaml.xml.XMLConfigurator:182 - ObjectProviders load complete
2021-05-11 16:54:13.015 [http-nio-8088-exec-6] INFO  org.opensaml.xml.XMLConfigurator:180 - Preparing to load ObjectProviders
2021-05-11 16:54:13.015 [http-nio-8088-exec-6] INFO  org.opensaml.xml.XMLConfigurator:182 - ObjectProviders load complete
2021-05-11 16:54:13.017 [http-nio-8088-exec-6] INFO  org.opensaml.xml.XMLConfigurator:180 - Preparing to load ObjectProviders
2021-05-11 16:54:13.018 [http-nio-8088-exec-6] INFO  org.opensaml.xml.XMLConfigurator:182 - ObjectProviders load complete
2021-05-11 16:54:13.018 [http-nio-8088-exec-6] INFO  org.opensaml.xml.XMLConfigurator:198 - Preparing to load IDAttributes
2021-05-11 16:54:13.018 [http-nio-8088-exec-6] INFO  org.opensaml.xml.XMLConfigurator:200 - IDAttributes load complete
2021-05-11 18:08:35.484 [Thread-3] INFO  o.s.scheduling.concurrent.ThreadPoolTaskExecutor:208 - Shutting down ExecutorService 'applicationTaskExecutor'
